#
# A fatal error has been detected by the Java Runtime Environment:
#
#  SIGSEGV (0xb) at pc=0x000000011947a755, pid=84082, tid=38155
#
# JRE version: Java(TM) SE Runtime Environment (9.0+181) (build 9+181)
# Java VM: Java HotSpot(TM) 64-Bit Server VM (9+181, mixed mode, tiered, compressed oops, g1 gc, bsd-amd64)
# Problematic frame:
# J 893 c1 org.agrona.concurrent.UnsafeBuffer.getIntVolatile(I)I (30 bytes) @ 0x000000011947a755 [0x000000011947a5e0+0x0000000000000175]
#
# No core dump will be written. Core dumps have been disabled. To enable core dumping, try "ulimit -c unlimited" before starting Java again
#
# If you would like to submit a bug report, please visit:
#   http://bugreport.java.com/bugreport/crash.jsp
#

---------------  S U M M A R Y ------------

Command Line: -ea -Dfile.encoding=UTF-8 org.eclipse.jdt.internal.junit.runner.RemoteTestRunner -version 3 -port 50641 -testLoaderClass org.eclipse.jdt.internal.junit4.runner.JUnit4TestLoader -loaderpluginname org.eclipse.jdt.junit4.runtime -classNames org.reaktivity.nukleus.http_cache.internal.streams.proxy.Rfc7240ProxyIT

Host: MacBookPro14,3 x86_64 3100 MHz, 8 cores, 16G, Darwin 19.0.0
Time: Tue Dec 24 17:12:26 2019 PST elapsed time: 8 seconds (0d 0h 0m 8s)

---------------  T H R E A D  ---------------

Current thread (0x00007fdb4a0f4800):  JavaThread "Time-limited test" daemon [_thread_in_Java, id=38155, stack(0x000070000c0f9000,0x000070000c1f9000)]

Stack: [0x000070000c0f9000,0x000070000c1f9000],  sp=0x000070000c1f7980,  free space=1018k
Native frames: (J=compiled Java code, A=aot compiled Java code, j=interpreted, Vv=VM code, C=native code)
J 893 c1 org.agrona.concurrent.UnsafeBuffer.getIntVolatile(I)I (30 bytes) @ 0x000000011947a755 [0x000000011947a5e0+0x0000000000000175]
j  org.agrona.concurrent.status.CountersReader.forEach(Lorg/agrona/collections/IntObjConsumer;)V+28
j  org.reaktivity.reaktor.internal.Counters.readonlyCounter(Ljava/lang/String;)Ljava/util/function/LongSupplier;+28
j  org.reaktivity.reaktor.internal.agent.ElektronAgent.counter(Ljava/lang/String;)J+5
j  org.reaktivity.reaktor.Reaktor.lambda$counter$3(Ljava/lang/String;Lorg/reaktivity/reaktor/internal/agent/ElektronAgent;)J+2
j  org.reaktivity.reaktor.Reaktor$$Lambda$223.applyAsLong(Ljava/lang/Object;)J+8
j  java.util.stream.ReferencePipeline$5$1.accept(Ljava/lang/Object;)V+12 java.base@9
j  java.util.ArrayList$ArrayListSpliterator.forEachRemaining(Ljava/util/function/Consumer;)V+95 java.base@9
j  java.util.stream.AbstractPipeline.copyInto(Ljava/util/stream/Sink;Ljava/util/Spliterator;)V+32 java.base@9
j  java.util.stream.AbstractPipeline.wrapAndCopyInto(Ljava/util/stream/Sink;Ljava/util/Spliterator;)Ljava/util/stream/Sink;+13 java.base@9
j  java.util.stream.ReduceOps$ReduceOp.evaluateSequential(Ljava/util/stream/PipelineHelper;Ljava/util/Spliterator;)Ljava/lang/Object;+6 java.base@9
j  java.util.stream.AbstractPipeline.evaluate(Ljava/util/stream/TerminalOp;)Ljava/lang/Object;+88 java.base@9
j  java.util.stream.LongPipeline.reduce(JLjava/util/function/LongBinaryOperator;)J+6 java.base@9
j  java.util.stream.LongPipeline.sum()J+7 java.base@9
j  org.reaktivity.reaktor.Reaktor.counter(Ljava/lang/String;)J+20
j  org.reaktivity.reaktor.test.ReaktorRule.counter(Ljava/lang/String;)J+22
j  org.reaktivity.nukleus.http_cache.internal.test.HttpCacheCountersRule.requestSlots()J+6
j  org.reaktivity.nukleus.http_cache.internal.test.HttpCacheCountersRule.assertRequestsSlots(I)V+3
j  org.reaktivity.nukleus.http_cache.internal.streams.proxy.Rfc7240ProxyIT.shouldHandleMissingPreferenceAppliedHeaderWithTrailer()V+12
v  ~StubRoutines::call_stub
V  [libjvm.dylib+0x3a2e7d]  JavaCalls::call_helper(JavaValue*, methodHandle const&, JavaCallArguments*, Thread*)+0x2b5
V  [libjvm.dylib+0x653ef1]  invoke(instanceKlassHandle, methodHandle, Handle, bool, objArrayHandle, BasicType, objArrayHandle, bool, Thread*)+0x540
V  [libjvm.dylib+0x65395e]  Reflection::invoke_method(oopDesc*, Handle, objArrayHandle, Thread*)+0x100
V  [libjvm.dylib+0x41b587]  JVM_InvokeMethod+0x1bc
j  jdk.internal.reflect.NativeMethodAccessorImpl.invoke0(Ljava/lang/reflect/Method;Ljava/lang/Object;[Ljava/lang/Object;)Ljava/lang/Object;+0 java.base@9
j  jdk.internal.reflect.NativeMethodAccessorImpl.invoke(Ljava/lang/Object;[Ljava/lang/Object;)Ljava/lang/Object;+100 java.base@9
j  jdk.internal.reflect.DelegatingMethodAccessorImpl.invoke(Ljava/lang/Object;[Ljava/lang/Object;)Ljava/lang/Object;+6 java.base@9
j  java.lang.reflect.Method.invoke(Ljava/lang/Object;[Ljava/lang/Object;)Ljava/lang/Object;+59 java.base@9
j  org.junit.runners.model.FrameworkMethod$1.runReflectiveCall()Ljava/lang/Object;+15
j  org.junit.internal.runners.model.ReflectiveCallable.run()Ljava/lang/Object;+1
j  org.junit.runners.model.FrameworkMethod.invokeExplosively(Ljava/lang/Object;[Ljava/lang/Object;)Ljava/lang/Object;+10
j  org.junit.internal.runners.statements.InvokeMethod.evaluate()V+12
j  org.junit.internal.runners.statements.FailOnTimeout$CallableStatement.call()Ljava/lang/Throwable;+14
j  org.junit.internal.runners.statements.FailOnTimeout$CallableStatement.call()Ljava/lang/Object;+1
j  java.util.concurrent.FutureTask.run()V+39 java.base@9
j  java.lang.Thread.run()V+11 java.base@9
v  ~StubRoutines::call_stub
V  [libjvm.dylib+0x3a2e7d]  JavaCalls::call_helper(JavaValue*, methodHandle const&, JavaCallArguments*, Thread*)+0x2b5
V  [libjvm.dylib+0x3a2395]  JavaCalls::call_virtual(JavaValue*, KlassHandle, Symbol*, Symbol*, JavaCallArguments*, Thread*)+0x13f
V  [libjvm.dylib+0x3a2462]  JavaCalls::call_virtual(JavaValue*, Handle, KlassHandle, Symbol*, Symbol*, Thread*)+0x6a
V  [libjvm.dylib+0x418c38]  thread_entry(JavaThread*, Thread*)+0x77
V  [libjvm.dylib+0x6f7f80]  JavaThread::thread_main_inner()+0x86
V  [libjvm.dylib+0x5efcd3]  thread_native_entry(Thread*)+0x12b
C  [libsystem_pthread.dylib+0x5d36]  _pthread_start+0x7d
C  [libsystem_pthread.dylib+0x258f]  thread_start+0xf
C  0x0000000000000000


siginfo: si_signo: 11 (SIGSEGV), si_code: 1 (SEGV_MAPERR), si_addr: 0x0000000118c12040

Register to memory mapping:

RAX=0x0000000000000000 is an unknown value
RBX=0x0000000000015060 is an unknown value
RCX=0x0000000000000004 is an unknown value
RDX=0x0000000000000000 is an unknown value
RSP=0x000070000c1f7980 is pointing into the stack for thread: 0x00007fdb4a0f4800
RBP=0x000070000c1f7a70 is pointing into the stack for thread: 0x00007fdb4a0f4800
RSI=0x0000000136cf0b70 is pointing into metadata
RDI=0x0000000118c12040 is an unknown value
R8 =0x0000000128dbf09a is an unknown value
R9 =0x000000010d733ea0: _ZN2os16_processor_countE+0 in /Library/Java/JavaVirtualMachines/jdk-9.jdk/Contents/Home/lib/server/libjvm.dylib at 0x000000010ce00000
R10=0x0000000000008000 is an unknown value
R11=0x0000000000000004 is an unknown value
R12=0x0000000000000000 is an unknown value
R13=0x000070000c1f7a18 is pointing into the stack for thread: 0x00007fdb4a0f4800
R14=0x000070000c1f7ab0 is pointing into the stack for thread: 0x00007fdb4a0f4800
R15=0x00007fdb4a0f4800 is a thread


Registers:
RAX=0x0000000000000000, RBX=0x0000000000015060, RCX=0x0000000000000004, RDX=0x0000000000000000
RSP=0x000070000c1f7980, RBP=0x000070000c1f7a70, RSI=0x0000000136cf0b70, RDI=0x0000000118c12040
R8 =0x0000000128dbf09a, R9 =0x000000010d733ea0, R10=0x0000000000008000, R11=0x0000000000000004
R12=0x0000000000000000, R13=0x000070000c1f7a18, R14=0x000070000c1f7ab0, R15=0x00007fdb4a0f4800
RIP=0x000000011947a755, EFLAGS=0x0000000000010206, ERR=0x0000000000000004
  TRAPNO=0x000000000000000e

Top of Stack: (sp=0x000070000c1f7980)
0x000070000c1f7980:   000070000c1f7998 000070000c1f79f8
0x000070000c1f7990:   0000000118d4c443 00000006cfd2e1d8
0x000070000c1f79a0:   00000006cfc13448 00000006cfc13448
0x000070000c1f79b0:   000070000c1f79b0 0000000137d4fac5
0x000070000c1f79c0:   000070000c1f7a08 0000000137d4fc28
0x000070000c1f79d0:   0000000000000000 00000006ce7008c8
0x000070000c1f79e0:   00000006cfd2ae00 0000000000000000
0x000070000c1f79f0:   000070000c1f7a10 000070000c1f7b00
0x000070000c1f7a00:   000070000c1f7a70 0000000118d4bec5
0x000070000c1f7a10:   0000000118d4bec5 0000000000000000
0x000070000c1f7a20:   00000006cfd2ae00 000070000c1f7a28
0x000070000c1f7a30:   0000000136c8a9b4 000070000c1f7ab0
0x000070000c1f7a40:   0000000136c8b330 0000000000000000
0x000070000c1f7a50:   00000006ce728d08 0000000136c8aa58
0x000070000c1f7a60:   000070000c1f7a18 000070000c1f7aa8
0x000070000c1f7a70:   000070000c1f7b00 0000000118d4c443
0x000070000c1f7a80:   0000000000000000 0000000000008000
0x000070000c1f7a90:   0000000000000000 00000006cfd2ae00
0x000070000c1f7aa0:   0000000000000000 00000006cfc13448
0x000070000c1f7ab0:   00000006cfd2e150 000070000c1f7ab8
0x000070000c1f7ac0:   0000000136c9061c 000070000c1f7b20
0x000070000c1f7ad0:   0000000136c90ac8 0000000000000000
0x000070000c1f7ae0:   00000006ce728b38 0000000136c90670
0x000070000c1f7af0:   000070000c1f7aa8 000070000c1f7b18
0x000070000c1f7b00:   000070000c1f7b70 0000000118d4c1c0
0x000070000c1f7b10:   0000000000000000 00000006ce719a28
0x000070000c1f7b20:   00000006cfd2e1d8 000070000c1f7b28
0x000070000c1f7b30:   0000000136c3d6d5 000070000c1f7b90
0x000070000c1f7b40:   0000000136c628c0 0000000000000000
0x000070000c1f7b50:   00000006ce729df8 0000000136c3d718
0x000070000c1f7b60:   000070000c1f7b18 000070000c1f7b88
0x000070000c1f7b70:   000070000c1f7be0 0000000118d4bf50 

Instructions: (pc=0x000000011947a755)
0x000000011947a735:   00 00 8b 9e fc 00 00 00 83 c3 08 89 9e fc 00 00
0x000000011947a745:   00 81 e3 f8 ff 7f 00 83 fb 00 0f 84 33 00 00 00
0x000000011947a755:   8b 04 38 48 81 c4 80 00 00 00 5d 85 05 9a 98 82
0x000000011947a765:   f2 c3 49 ba 48 84 b9 36 01 00 00 00 4c 89 54 24 

----------------------------------------------------------------------
org/agrona/concurrent/UnsafeBuffer.getIntVolatile(I)I  [0x000000011947a5e0, 0x000000011947a888]  680 bytes
[Disassembling for mach='i386:x86-64']
[Entry Point]
[Constants]
  # {method} {0x0000000136b98448} 'getIntVolatile' '(I)I' in 'org/agrona/concurrent/UnsafeBuffer'
  # this:     rsi:rsi   = 'org/agrona/concurrent/UnsafeBuffer'
  # parm0:    rdx       = int
  #           [sp+0x90]  (sp of caller)
  0x000000011947a5e0: mov    0x8(%rsi),%r10d
  0x000000011947a5e4: shl    $0x3,%r10
  0x000000011947a5e8: cmp    %rax,%r10
  0x000000011947a5eb: jne    0x0000000118d8d000  ;   {runtime_call ic_miss_stub}
  0x000000011947a5f1: data16 data16 nopw 0x0(%rax,%rax,1)
  0x000000011947a5fc: data16 data16 xchg %ax,%ax
[Verified Entry Point]
  0x000000011947a600: mov    %eax,-0x14000(%rsp)
  0x000000011947a607: push   %rbp
  0x000000011947a608: sub    $0x80,%rsp
  0x000000011947a60f: movabs $0x136cdae00,%rcx  ;   {metadata(method data for {method} {0x0000000136b98448} 'getIntVolatile' '(I)I' in 'org/agrona/concurrent/UnsafeBuffer')}
  0x000000011947a619: mov    0xfc(%rcx),%edi
  0x000000011947a61f: add    $0x8,%edi
  0x000000011947a622: mov    %edi,0xfc(%rcx)
  0x000000011947a628: and    $0x1ff8,%edi
  0x000000011947a62e: cmp    $0x0,%edi
  0x000000011947a631: je     0x000000011947a767
  0x000000011947a637: movabs $0x136cdae00,%rcx  ;   {metadata(method data for {method} {0x0000000136b98448} 'getIntVolatile' '(I)I' in 'org/agrona/concurrent/UnsafeBuffer')}
  0x000000011947a641: incl   0x148(%rcx)
  0x000000011947a647: mov    %rsi,%rcx
  0x000000011947a64a: movabs $0x136cdae00,%rdi  ;   {metadata(method data for {method} {0x0000000136b98448} 'getIntVolatile' '(I)I' in 'org/agrona/concurrent/UnsafeBuffer')}
  0x000000011947a654: addq   $0x1,0x158(%rdi)
  0x000000011947a65c: mov    %rdx,%rdi
  0x000000011947a65f: mov    %rdi,%rdx
  0x000000011947a662: mov    $0x4,%ecx
  0x000000011947a667: mov    %rsi,%rbx
  0x000000011947a66a: mov    %rbx,%rsi
  0x000000011947a66d: mov    %edi,0x68(%rsp)
  0x000000011947a671: mov    %rbx,0x60(%rsp)
  0x000000011947a676: nop
  0x000000011947a677: callq  0x000000012085c040  ; ImmutableOopMap{[96]=Oop }
                                                ;*invokespecial boundsCheck0 {reexecute=0 rethrow=0 return_oop=0}
                                                ; - org.agrona.concurrent.UnsafeBuffer::getIntVolatile@9 (line 557)
                                                ;   {optimized virtual_call}
  0x000000011947a67c: mov    0x68(%rsp),%edx
  0x000000011947a680: mov    0x60(%rsp),%rsi
  0x000000011947a685: mov    0x18(%rsi),%eax
  0x000000011947a688: shl    $0x3,%rax
  0x000000011947a68c: mov    0x10(%rsi),%rdi
  0x000000011947a690: movabs $0x6ce70c000,%rsi  ;   {oop(a 'sun/misc/Unsafe'{0x00000006ce70c000})}
  0x000000011947a69a: movabs $0x136cdae00,%rbx  ;   {metadata(method data for {method} {0x0000000136b98448} 'getIntVolatile' '(I)I' in 'org/agrona/concurrent/UnsafeBuffer')}
  0x000000011947a6a4: mov    0x8(%rsi),%esi
  0x000000011947a6a7: shl    $0x3,%rsi
  0x000000011947a6ab: cmp    0x178(%rbx),%rsi
  0x000000011947a6b2: jne    0x000000011947a6c1
  0x000000011947a6b4: addq   $0x1,0x180(%rbx)
  0x000000011947a6bc: jmpq   0x000000011947a727
  0x000000011947a6c1: cmp    0x188(%rbx),%rsi
  0x000000011947a6c8: jne    0x000000011947a6d7
  0x000000011947a6ca: addq   $0x1,0x190(%rbx)
  0x000000011947a6d2: jmpq   0x000000011947a727
  0x000000011947a6d7: cmpq   $0x0,0x178(%rbx)
  0x000000011947a6e2: jne    0x000000011947a6fb
  0x000000011947a6e4: mov    %rsi,0x178(%rbx)
  0x000000011947a6eb: movq   $0x1,0x180(%rbx)
  0x000000011947a6f6: jmpq   0x000000011947a727
  0x000000011947a6fb: cmpq   $0x0,0x188(%rbx)
  0x000000011947a706: jne    0x000000011947a71f
  0x000000011947a708: mov    %rsi,0x188(%rbx)
  0x000000011947a70f: movq   $0x1,0x190(%rbx)
  0x000000011947a71a: jmpq   0x000000011947a727
  0x000000011947a71f: addq   $0x1,0x168(%rbx)
  0x000000011947a727: movslq %edx,%rdx
  0x000000011947a72a: add    %rdx,%rdi
  0x000000011947a72d: movabs $0x136cf0b70,%rsi  ;   {metadata(method data for {method} {0x0000000136ba60e8} 'getIntVolatile' '(Ljava/lang/Object;J)I' in 'sun/misc/Unsafe')}
  0x000000011947a737: mov    0xfc(%rsi),%ebx
  0x000000011947a73d: add    $0x8,%ebx
  0x000000011947a740: mov    %ebx,0xfc(%rsi)
  0x000000011947a746: and    $0x7ffff8,%ebx
  0x000000011947a74c: cmp    $0x0,%ebx
  0x000000011947a74f: je     0x000000011947a788
  0x000000011947a755: mov    (%rax,%rdi,1),%eax
  0x000000011947a758: add    $0x80,%rsp
  0x000000011947a75f: pop    %rbp
  0x000000011947a760: test   %eax,-0xd7d6766(%rip)        # 0x000000010bca4000
                                                ;   {poll_return}
  0x000000011947a766: retq   
  0x000000011947a767: movabs $0x136b98448,%r10  ;   {metadata({method} {0x0000000136b98448} 'getIntVolatile' '(I)I' in 'org/agrona/concurrent/UnsafeBuffer')}
  0x000000011947a771: mov    %r10,0x8(%rsp)
  0x000000011947a776: movq   $0xffffffffffffffff,(%rsp)
  0x000000011947a77e: callq  0x0000000118e55480  ; ImmutableOopMap{rsi=Oop }
                                                ;*synchronization entry
                                                ; - org.agrona.concurrent.UnsafeBuffer::getIntVolatile@-1 (line 555)
                                                ;   {runtime_call counter_overflow Runtime1 stub}
  0x000000011947a783: jmpq   0x000000011947a637
  0x000000011947a788: movabs $0x136ba60e8,%r10  ;   {metadata({method} {0x0000000136ba60e8} 'getIntVolatile' '(Ljava/lang/Object;J)I' in 'sun/misc/Unsafe')}
  0x000000011947a792: mov    %r10,0x8(%rsp)
  0x000000011947a797: movq   $0xffffffffffffffff,(%rsp)
  0x000000011947a79f: callq  0x0000000118e55480  ; ImmutableOopMap{rax=Oop }
                                                ;*synchronization entry
                                                ; - sun.misc.Unsafe::getIntVolatile@-1 (line 938)
                                                ; - org.agrona.concurrent.UnsafeBuffer::getIntVolatile@26 (line 560)
                                                ;   {runtime_call counter_overflow Runtime1 stub}
  0x000000011947a7a4: jmp    0x000000011947a755
  0x000000011947a7a6: nop
  0x000000011947a7a7: nop
  0x000000011947a7a8: mov    0x2f8(%r15),%rax
  0x000000011947a7af: movabs $0x0,%r10
  0x000000011947a7b9: mov    %r10,0x2f8(%r15)
  0x000000011947a7c0: movabs $0x0,%r10
  0x000000011947a7ca: mov    %r10,0x300(%r15)
  0x000000011947a7d1: add    $0x80,%rsp
  0x000000011947a7d8: pop    %rbp
  0x000000011947a7d9: jmpq   0x0000000118dc2e00  ;   {runtime_call unwind_exception Runtime1 stub}
  0x000000011947a7de: hlt    
  0x000000011947a7df: hlt    
[Stub Code]
  0x000000011947a7e0: nopl   0x0(%rax,%rax,1)   ;   {no_reloc}
  0x000000011947a7e5: movabs $0x0,%rbx          ;   {static_stub}
  0x000000011947a7ef: jmpq   0x000000011947a7ef  ;   {runtime_call}
[Exception Handler]
  0x000000011947a7f4: callq  0x0000000118e52200  ;   {runtime_call handle_exception_from_callee Runtime1 stub}
  0x000000011947a7f9: mov    %rsp,-0x28(%rsp)
  0x000000011947a7fe: sub    $0x80,%rsp
  0x000000011947a805: mov    %rax,0x78(%rsp)
  0x000000011947a80a: mov    %rcx,0x70(%rsp)
  0x000000011947a80f: mov    %rdx,0x68(%rsp)
  0x000000011947a814: mov    %rbx,0x60(%rsp)
  0x000000011947a819: mov    %rbp,0x50(%rsp)
  0x000000011947a81e: mov    %rsi,0x48(%rsp)
  0x000000011947a823: mov    %rdi,0x40(%rsp)
  0x000000011947a828: mov    %r8,0x38(%rsp)
  0x000000011947a82d: mov    %r9,0x30(%rsp)
  0x000000011947a832: mov    %r10,0x28(%rsp)
  0x000000011947a837: mov    %r11,0x20(%rsp)
  0x000000011947a83c: mov    %r12,0x18(%rsp)
  0x000000011947a841: mov    %r13,0x10(%rsp)
  0x000000011947a846: mov    %r14,0x8(%rsp)
  0x000000011947a84b: mov    %r15,(%rsp)
  0x000000011947a84f: movabs $0x10d573c24,%rdi  ;   {external_word}
  0x000000011947a859: movabs $0x11947a7f9,%rsi  ;   {internal_word}
  0x000000011947a863: mov    %rsp,%rdx
  0x000000011947a866: and    $0xfffffffffffffff0,%rsp
  0x000000011947a86a: callq  0x000000010d31b0a6  ;   {runtime_call MacroAssembler::debug64(char*, long long, long long*)}
  0x000000011947a86f: hlt    
[Deopt Handler Code]
  0x000000011947a870: movabs $0x11947a870,%r10  ;   {section_word}
  0x000000011947a87a: push   %r10
  0x000000011947a87c: jmpq   0x0000000118d8e820  ;   {runtime_call DeoptimizationBlob}
  0x000000011947a881: hlt    
  0x000000011947a882: hlt    
  0x000000011947a883: hlt    
  0x000000011947a884: hlt    
  0x000000011947a885: hlt    
  0x000000011947a886: hlt    
  0x000000011947a887: hlt    


---------------  P R O C E S S  ---------------

Java Threads: ( => current thread )
=>0x00007fdb4a0f4800 JavaThread "Time-limited test" daemon [_thread_in_Java, id=38155, stack(0x000070000c0f9000,0x000070000c1f9000)]
  0x00007fdb48107800 JavaThread "reaktor/controller" [_thread_blocked, id=27915, stack(0x000070000bef3000,0x000070000bff3000)]
  0x00007fdb48107000 JavaThread "reaktor/control" [_thread_blocked, id=27659, stack(0x000070000bdf0000,0x000070000bef0000)]
  0x00007fdb4808c000 JavaThread "ReaderThread" [_thread_in_native, id=39939, stack(0x000070000bbea000,0x000070000bcea000)]
  0x00007fdb47087000 JavaThread "Service Thread" daemon [_thread_blocked, id=40195, stack(0x000070000b9e4000,0x000070000bae4000)]
  0x00007fdb46070000 JavaThread "Common-Cleaner" daemon [_thread_blocked, id=26115, stack(0x000070000b8e1000,0x000070000b9e1000)]
  0x00007fdb4a000800 JavaThread "Sweeper thread" daemon [_thread_blocked, id=25859, stack(0x000070000b7de000,0x000070000b8de000)]
  0x00007fdb48817800 JavaThread "C1 CompilerThread3" daemon [_thread_blocked, id=40963, stack(0x000070000b6db000,0x000070000b7db000)]
  0x00007fdb48816800 JavaThread "C2 CompilerThread2" daemon [_thread_blocked, id=41219, stack(0x000070000b5d8000,0x000070000b6d8000)]
  0x00007fdb47090800 JavaThread "C2 CompilerThread1" daemon [_thread_blocked, id=41731, stack(0x000070000b4d5000,0x000070000b5d5000)]
  0x00007fdb4708f800 JavaThread "C2 CompilerThread0" daemon [_thread_blocked, id=25091, stack(0x000070000b3d2000,0x000070000b4d2000)]
  0x00007fdb4708e800 JavaThread "Signal Dispatcher" daemon [_thread_blocked, id=24835, stack(0x000070000b2cf000,0x000070000b3cf000)]
  0x00007fdb4902a000 JavaThread "Finalizer" daemon [_thread_blocked, id=22019, stack(0x000070000b0c6000,0x000070000b1c6000)]
  0x00007fdb47805800 JavaThread "Reference Handler" daemon [_thread_blocked, id=15363, stack(0x000070000afc3000,0x000070000b0c3000)]
  0x00007fdb47008800 JavaThread "main" [_thread_in_native, id=3843, stack(0x0000700009981000,0x0000700009a81000)]

Other Threads:
  0x00007fdb48008800 VMThread "VM Thread" [stack: 0x000070000aec0000,0x000070000afc0000] [id=15107]
  0x00007fdb48009800 WatcherThread [stack: 0x000070000bae7000,0x000070000bbe7000] [id=26627]
  0x00007fdb46001800 GCTaskThread "GC Thread#0" [stack: 0x0000700009a84000,0x0000700009b84000] [id=6659]
  0x00007fdb48800000 GCTaskThread "GC Thread#1" [stack: 0x0000700009b87000,0x0000700009c87000] [id=10755]
  0x00007fdb4700d000 GCTaskThread "GC Thread#2" [stack: 0x0000700009c8a000,0x0000700009d8a000] [id=21251]
  0x00007fdb4700d800 GCTaskThread "GC Thread#3" [stack: 0x0000700009d8d000,0x0000700009e8d000] [id=11267]
  0x00007fdb4700e000 GCTaskThread "GC Thread#4" [stack: 0x0000700009e90000,0x0000700009f90000] [id=11523]
  0x00007fdb48003000 GCTaskThread "GC Thread#5" [stack: 0x0000700009f93000,0x000070000a093000] [id=20483]
  0x00007fdb47017800 GCTaskThread "GC Thread#6" [stack: 0x000070000a096000,0x000070000a196000] [id=20227]
  0x00007fdb47018000 GCTaskThread "GC Thread#7" [stack: 0x000070000a199000,0x000070000a299000] [id=19715]
  0x00007fdb48007000 ConcurrentGCThread "G1 Main Marker" [stack: 0x000070000abb7000,0x000070000acb7000] [id=14083]
  0x00007fdb4900a800 ConcurrentGCThread "G1 Marker#0" [stack: 0x000070000acba000,0x000070000adba000] [id=16131]
  0x00007fdb4900b000 ConcurrentGCThread "G1 Marker#1" [stack: 0x000070000adbd000,0x000070000aebd000] [id=14595]
  0x00007fdb48004800 ConcurrentGCThread "G1 Refine#0" [stack: 0x000070000a9b1000,0x000070000aab1000] [id=17411]
  0x00007fdb48801000 ConcurrentGCThread "G1 Refine#1" [stack: 0x000070000a8ae000,0x000070000a9ae000] [id=13571]
  0x00007fdb4701b000 ConcurrentGCThread "G1 Refine#2" [stack: 0x000070000a7ab000,0x000070000a8ab000] [id=17923]
  0x00007fdb4701a000 ConcurrentGCThread "G1 Refine#3" [stack: 0x000070000a6a8000,0x000070000a7a8000] [id=13059]
  0x00007fdb46009800 ConcurrentGCThread "G1 Refine#4" [stack: 0x000070000a5a5000,0x000070000a6a5000] [id=12547]
  0x00007fdb48004000 ConcurrentGCThread "G1 Refine#5" [stack: 0x000070000a4a2000,0x000070000a5a2000] [id=18435]
  0x00007fdb47019800 ConcurrentGCThread "G1 Refine#6" [stack: 0x000070000a39f000,0x000070000a49f000] [id=18691]
  0x00007fdb47018800 ConcurrentGCThread "G1 Refine#7" [stack: 0x000070000a29c000,0x000070000a39c000] [id=19203]
  0x00007fdb49000000 ConcurrentGCThread "G1 Young RemSet Sampling" [stack: 0x000070000aab4000,0x000070000abb4000] [id=16899]

Threads with active compile tasks:

VM state:not at safepoint (normal execution)

VM Mutex/Monitor currently owned by a thread: None

Heap address: 0x00000006c0000000, size: 4096 MB, Compressed Oops mode: Zero based, Oop shift amount: 3
Narrow klass base: 0x0000000000000000, Narrow klass shift: 3
Compressed class space size: 1073741824 Address: 0x00000007c0000000

Heap:
 garbage-first heap   total 262144K, used 17781K [0x00000006c0000000, 0x00000006c0100800, 0x00000007c0000000)
  region size 1024K, 8 young (8192K), 3 survivors (3072K)
 Metaspace       used 13279K, capacity 14146K, committed 14464K, reserved 1062912K
  class space    used 1365K, capacity 1542K, committed 1664K, reserved 1048576K
Heap Regions: E=young(eden), S=young(survivor), O=old, HS=humongous(starts), HC=humongous(continues), CS=collection set, F=free, A=archive, TS=gc time stamp, AC=allocation context, TAMS=top-at-mark-start (previous, next)
|   0|0x00000006c0000000, 0x00000006c0100000, 0x00000006c0100000|100%|HS|  |TS  1|AC  0|TAMS 0x00000006c0000000, 0x00000006c0000000|
|   1|0x00000006c0100000, 0x00000006c0200000, 0x00000006c0200000|100%|HC|  |TS  1|AC  0|TAMS 0x00000006c0100000, 0x00000006c0100000|
|   2|0x00000006c0200000, 0x00000006c0300000, 0x00000006c0300000|100%|HS|  |TS  1|AC  0|TAMS 0x00000006c0200000, 0x00000006c0200000|
|   3|0x00000006c0300000, 0x00000006c0400000, 0x00000006c0400000|100%|HC|  |TS  1|AC  0|TAMS 0x00000006c0300000, 0x00000006c0300000|
|   4|0x00000006c0400000, 0x00000006c0500000, 0x00000006c0500000|100%|HS|  |TS  0|AC  0|TAMS 0x00000006c0400000, 0x00000006c0400000|
|   5|0x00000006c0500000, 0x00000006c0600000, 0x00000006c0600000|100%|HC|  |TS  0|AC  0|TAMS 0x00000006c0500000, 0x00000006c0500000|
|   6|0x00000006c0600000, 0x00000006c0700000, 0x00000006c0700000|100%|HS|  |TS  0|AC  0|TAMS 0x00000006c0600000, 0x00000006c0600000|
|   7|0x00000006c0700000, 0x00000006c0800000, 0x00000006c0800000|100%|HC|  |TS  0|AC  0|TAMS 0x00000006c0700000, 0x00000006c0700000|
|   8|0x00000006c0800000, 0x00000006c0900000, 0x00000006c0900000|100%| O|  |TS  1|AC  0|TAMS 0x00000006c0800000, 0x00000006c0800000|
|   9|0x00000006c0900000, 0x00000006c0a00000, 0x00000006c0a00000|100%| O|  |TS  1|AC  0|TAMS 0x00000006c0900000, 0x00000006c0900000|
|  10|0x00000006c0a00000, 0x00000006c0a5d600, 0x00000006c0b00000| 36%| O|  |TS  1|AC  0|TAMS 0x00000006c0a00000, 0x00000006c0a00000|
|  11|0x00000006c0b00000, 0x00000006c0b00000, 0x00000006c0c00000|  0%| F|  |TS  0|AC  0|TAMS 0x00000006c0b00000, 0x00000006c0b00000|
|  12|0x00000006c0c00000, 0x00000006c0c00000, 0x00000006c0d00000|  0%| F|  |TS  0|AC  0|TAMS 0x00000006c0c00000, 0x00000006c0c00000|
|  13|0x00000006c0d00000, 0x00000006c0d00000, 0x00000006c0e00000|  0%| F|  |TS  0|AC  0|TAMS 0x00000006c0d00000, 0x00000006c0d00000|
|  14|0x00000006c0e00000, 0x00000006c0e00000, 0x00000006c0f00000|  0%| F|  |TS  0|AC  0|TAMS 0x00000006c0e00000, 0x00000006c0e00000|
|  15|0x00000006c0f00000, 0x00000006c0f00000, 0x00000006c1000000|  0%| F|  |TS  0|AC  0|TAMS 0x00000006c0f00000, 0x00000006c0f00000|
|  16|0x00000006c1000000, 0x00000006c1000000, 0x00000006c1100000|  0%| F|  |TS  0|AC  0|TAMS 0x00000006c1000000, 0x00000006c1000000|
|  17|0x00000006c1100000, 0x00000006c1100000, 0x00000006c1200000|  0%| F|  |TS  0|AC  0|TAMS 0x00000006c1100000, 0x00000006c1100000|
|  18|0x00000006c1200000, 0x00000006c1200000, 0x00000006c1300000|  0%| F|  |TS  0|AC  0|TAMS 0x00000006c1200000, 0x00000006c1200000|
|  19|0x00000006c1300000, 0x00000006c1300000, 0x00000006c1400000|  0%| F|  |TS  0|AC  0|TAMS 0x00000006c1300000, 0x00000006c1300000|
|  20|0x00000006c1400000, 0x00000006c1400000, 0x00000006c1500000|  0%| F|  |TS  0|AC  0|TAMS 0x00000006c1400000, 0x00000006c1400000|
|  21|0x00000006c1500000, 0x00000006c1500000, 0x00000006c1600000|  0%| F|  |TS  0|AC  0|TAMS 0x00000006c1500000, 0x00000006c1500000|
|  22|0x00000006c1600000, 0x00000006c1600000, 0x00000006c1700000|  0%| F|  |TS  0|AC  0|TAMS 0x00000006c1600000, 0x00000006c1600000|
|  23|0x00000006c1700000, 0x00000006c1700000, 0x00000006c1800000|  0%| F|  |TS  0|AC  0|TAMS 0x00000006c1700000, 0x00000006c1700000|
|  24|0x00000006c1800000, 0x00000006c1800000, 0x00000006c1900000|  0%| F|  |TS  0|AC  0|TAMS 0x00000006c1800000, 0x00000006c1800000|
|  25|0x00000006c1900000, 0x00000006c1900000, 0x00000006c1a00000|  0%| F|  |TS  0|AC  0|TAMS 0x00000006c1900000, 0x00000006c1900000|
|  26|0x00000006c1a00000, 0x00000006c1a00000, 0x00000006c1b00000|  0%| F|  |TS  0|AC  0|TAMS 0x00000006c1a00000, 0x00000006c1a00000|
|  27|0x00000006c1b00000, 0x00000006c1b00000, 0x00000006c1c00000|  0%| F|  |TS  0|AC  0|TAMS 0x00000006c1b00000, 0x00000006c1b00000|
|  28|0x00000006c1c00000, 0x00000006c1c00000, 0x00000006c1d00000|  0%| F|  |TS  0|AC  0|TAMS 0x00000006c1c00000, 0x00000006c1c00000|
|  29|0x00000006c1d00000, 0x00000006c1d00000, 0x00000006c1e00000|  0%| F|  |TS  0|AC  0|TAMS 0x00000006c1d00000, 0x00000006c1d00000|
|  30|0x00000006c1e00000, 0x00000006c1e00000, 0x00000006c1f00000|  0%| F|  |TS  0|AC  0|TAMS 0x00000006c1e00000, 0x00000006c1e00000|
|  31|0x00000006c1f00000, 0x00000006c1f00000, 0x00000006c2000000|  0%| F|  |TS  0|AC  0|TAMS 0x00000006c1f00000, 0x00000006c1f00000|
|  32|0x00000006c2000000, 0x00000006c2000000, 0x00000006c2100000|  0%| F|  |TS  0|AC  0|TAMS 0x00000006c2000000, 0x00000006c2000000|
|  33|0x00000006c2100000, 0x00000006c2100000, 0x00000006c2200000|  0%| F|  |TS  0|AC  0|TAMS 0x00000006c2100000, 0x00000006c2100000|
|  34|0x00000006c2200000, 0x00000006c2200000, 0x00000006c2300000|  0%| F|  |TS  0|AC  0|TAMS 0x00000006c2200000, 0x00000006c2200000|
|  35|0x00000006c2300000, 0x00000006c2300000, 0x00000006c2400000|  0%| F|  |TS  0|AC  0|TAMS 0x00000006c2300000, 0x00000006c2300000|
|  36|0x00000006c2400000, 0x00000006c2400000, 0x00000006c2500000|  0%| F|  |TS  0|AC  0|TAMS 0x00000006c2400000, 0x00000006c2400000|
|  37|0x00000006c2500000, 0x00000006c2500000, 0x00000006c2600000|  0%| F|  |TS  0|AC  0|TAMS 0x00000006c2500000, 0x00000006c2500000|
|  38|0x00000006c2600000, 0x00000006c2600000, 0x00000006c2700000|  0%| F|  |TS  0|AC  0|TAMS 0x00000006c2600000, 0x00000006c2600000|
|  39|0x00000006c2700000, 0x00000006c2700000, 0x00000006c2800000|  0%| F|  |TS  0|AC  0|TAMS 0x00000006c2700000, 0x00000006c2700000|
|  40|0x00000006c2800000, 0x00000006c2800000, 0x00000006c2900000|  0%| F|  |TS  0|AC  0|TAMS 0x00000006c2800000, 0x00000006c2800000|
|  41|0x00000006c2900000, 0x00000006c2900000, 0x00000006c2a00000|  0%| F|  |TS  0|AC  0|TAMS 0x00000006c2900000, 0x00000006c2900000|
|  42|0x00000006c2a00000, 0x00000006c2a00000, 0x00000006c2b00000|  0%| F|  |TS  0|AC  0|TAMS 0x00000006c2a00000, 0x00000006c2a00000|
|  43|0x00000006c2b00000, 0x00000006c2b00000, 0x00000006c2c00000|  0%| F|  |TS  0|AC  0|TAMS 0x00000006c2b00000, 0x00000006c2b00000|
|  44|0x00000006c2c00000, 0x00000006c2c00000, 0x00000006c2d00000|  0%| F|  |TS  0|AC  0|TAMS 0x00000006c2c00000, 0x00000006c2c00000|
|  45|0x00000006c2d00000, 0x00000006c2d00000, 0x00000006c2e00000|  0%| F|  |TS  0|AC  0|TAMS 0x00000006c2d00000, 0x00000006c2d00000|
|  46|0x00000006c2e00000, 0x00000006c2e00000, 0x00000006c2f00000|  0%| F|  |TS  0|AC  0|TAMS 0x00000006c2e00000, 0x00000006c2e00000|
|  47|0x00000006c2f00000, 0x00000006c2f00000, 0x00000006c3000000|  0%| F|  |TS  0|AC  0|TAMS 0x00000006c2f00000, 0x00000006c2f00000|
|  48|0x00000006c3000000, 0x00000006c3000000, 0x00000006c3100000|  0%| F|  |TS  0|AC  0|TAMS 0x00000006c3000000, 0x00000006c3000000|
|  49|0x00000006c3100000, 0x00000006c3100000, 0x00000006c3200000|  0%| F|  |TS  0|AC  0|TAMS 0x00000006c3100000, 0x00000006c3100000|
|  50|0x00000006c3200000, 0x00000006c3200000, 0x00000006c3300000|  0%| F|  |TS  0|AC  0|TAMS 0x00000006c3200000, 0x00000006c3200000|
|  51|0x00000006c3300000, 0x00000006c3300000, 0x00000006c3400000|  0%| F|  |TS  0|AC  0|TAMS 0x00000006c3300000, 0x00000006c3300000|
|  52|0x00000006c3400000, 0x00000006c3400000, 0x00000006c3500000|  0%| F|  |TS  0|AC  0|TAMS 0x00000006c3400000, 0x00000006c3400000|
|  53|0x00000006c3500000, 0x00000006c3500000, 0x00000006c3600000|  0%| F|  |TS  0|AC  0|TAMS 0x00000006c3500000, 0x00000006c3500000|
|  54|0x00000006c3600000, 0x00000006c3600000, 0x00000006c3700000|  0%| F|  |TS  0|AC  0|TAMS 0x00000006c3600000, 0x00000006c3600000|
|  55|0x00000006c3700000, 0x00000006c3700000, 0x00000006c3800000|  0%| F|  |TS  0|AC  0|TAMS 0x00000006c3700000, 0x00000006c3700000|
|  56|0x00000006c3800000, 0x00000006c3800000, 0x00000006c3900000|  0%| F|  |TS  0|AC  0|TAMS 0x00000006c3800000, 0x00000006c3800000|
|  57|0x00000006c3900000, 0x00000006c3900000, 0x00000006c3a00000|  0%| F|  |TS  0|AC  0|TAMS 0x00000006c3900000, 0x00000006c3900000|
|  58|0x00000006c3a00000, 0x00000006c3a00000, 0x00000006c3b00000|  0%| F|  |TS  0|AC  0|TAMS 0x00000006c3a00000, 0x00000006c3a00000|
|  59|0x00000006c3b00000, 0x00000006c3b00000, 0x00000006c3c00000|  0%| F|  |TS  0|AC  0|TAMS 0x00000006c3b00000, 0x00000006c3b00000|
|  60|0x00000006c3c00000, 0x00000006c3c00000, 0x00000006c3d00000|  0%| F|  |TS  0|AC  0|TAMS 0x00000006c3c00000, 0x00000006c3c00000|
|  61|0x00000006c3d00000, 0x00000006c3d00000, 0x00000006c3e00000|  0%| F|  |TS  0|AC  0|TAMS 0x00000006c3d00000, 0x00000006c3d00000|
|  62|0x00000006c3e00000, 0x00000006c3e00000, 0x00000006c3f00000|  0%| F|  |TS  0|AC  0|TAMS 0x00000006c3e00000, 0x00000006c3e00000|
|  63|0x00000006c3f00000, 0x00000006c3f00000, 0x00000006c4000000|  0%| F|  |TS  0|AC  0|TAMS 0x00000006c3f00000, 0x00000006c3f00000|
|  64|0x00000006c4000000, 0x00000006c4000000, 0x00000006c4100000|  0%| F|  |TS  0|AC  0|TAMS 0x00000006c4000000, 0x00000006c4000000|
|  65|0x00000006c4100000, 0x00000006c4100000, 0x00000006c4200000|  0%| F|  |TS  0|AC  0|TAMS 0x00000006c4100000, 0x00000006c4100000|
|  66|0x00000006c4200000, 0x00000006c4200000, 0x00000006c4300000|  0%| F|  |TS  0|AC  0|TAMS 0x00000006c4200000, 0x00000006c4200000|
|  67|0x00000006c4300000, 0x00000006c4300000, 0x00000006c4400000|  0%| F|  |TS  0|AC  0|TAMS 0x00000006c4300000, 0x00000006c4300000|
|  68|0x00000006c4400000, 0x00000006c4400000, 0x00000006c4500000|  0%| F|  |TS  0|AC  0|TAMS 0x00000006c4400000, 0x00000006c4400000|
|  69|0x00000006c4500000, 0x00000006c4500000, 0x00000006c4600000|  0%| F|  |TS  0|AC  0|TAMS 0x00000006c4500000, 0x00000006c4500000|
|  70|0x00000006c4600000, 0x00000006c4600000, 0x00000006c4700000|  0%| F|  |TS  0|AC  0|TAMS 0x00000006c4600000, 0x00000006c4600000|
|  71|0x00000006c4700000, 0x00000006c4700000, 0x00000006c4800000|  0%| F|  |TS  0|AC  0|TAMS 0x00000006c4700000, 0x00000006c4700000|
|  72|0x00000006c4800000, 0x00000006c4800000, 0x00000006c4900000|  0%| F|  |TS  0|AC  0|TAMS 0x00000006c4800000, 0x00000006c4800000|
|  73|0x00000006c4900000, 0x00000006c4900000, 0x00000006c4a00000|  0%| F|  |TS  0|AC  0|TAMS 0x00000006c4900000, 0x00000006c4900000|
|  74|0x00000006c4a00000, 0x00000006c4a00000, 0x00000006c4b00000|  0%| F|  |TS  0|AC  0|TAMS 0x00000006c4a00000, 0x00000006c4a00000|
|  75|0x00000006c4b00000, 0x00000006c4b00000, 0x00000006c4c00000|  0%| F|  |TS  0|AC  0|TAMS 0x00000006c4b00000, 0x00000006c4b00000|
|  76|0x00000006c4c00000, 0x00000006c4c00000, 0x00000006c4d00000|  0%| F|  |TS  0|AC  0|TAMS 0x00000006c4c00000, 0x00000006c4c00000|
|  77|0x00000006c4d00000, 0x00000006c4d00000, 0x00000006c4e00000|  0%| F|  |TS  0|AC  0|TAMS 0x00000006c4d00000, 0x00000006c4d00000|
|  78|0x00000006c4e00000, 0x00000006c4e00000, 0x00000006c4f00000|  0%| F|  |TS  0|AC  0|TAMS 0x00000006c4e00000, 0x00000006c4e00000|
|  79|0x00000006c4f00000, 0x00000006c4f00000, 0x00000006c5000000|  0%| F|  |TS  0|AC  0|TAMS 0x00000006c4f00000, 0x00000006c4f00000|
|  80|0x00000006c5000000, 0x00000006c5000000, 0x00000006c5100000|  0%| F|  |TS  0|AC  0|TAMS 0x00000006c5000000, 0x00000006c5000000|
|  81|0x00000006c5100000, 0x00000006c5100000, 0x00000006c5200000|  0%| F|  |TS  0|AC  0|TAMS 0x00000006c5100000, 0x00000006c5100000|
|  82|0x00000006c5200000, 0x00000006c5200000, 0x00000006c5300000|  0%| F|  |TS  0|AC  0|TAMS 0x00000006c5200000, 0x00000006c5200000|
|  83|0x00000006c5300000, 0x00000006c5300000, 0x00000006c5400000|  0%| F|  |TS  0|AC  0|TAMS 0x00000006c5300000, 0x00000006c5300000|
|  84|0x00000006c5400000, 0x00000006c5400000, 0x00000006c5500000|  0%| F|  |TS  0|AC  0|TAMS 0x00000006c5400000, 0x00000006c5400000|
|  85|0x00000006c5500000, 0x00000006c5500000, 0x00000006c5600000|  0%| F|  |TS  0|AC  0|TAMS 0x00000006c5500000, 0x00000006c5500000|
|  86|0x00000006c5600000, 0x00000006c5600000, 0x00000006c5700000|  0%| F|  |TS  0|AC  0|TAMS 0x00000006c5600000, 0x00000006c5600000|
|  87|0x00000006c5700000, 0x00000006c5700000, 0x00000006c5800000|  0%| F|  |TS  0|AC  0|TAMS 0x00000006c5700000, 0x00000006c5700000|
|  88|0x00000006c5800000, 0x00000006c5800000, 0x00000006c5900000|  0%| F|  |TS  0|AC  0|TAMS 0x00000006c5800000, 0x00000006c5800000|
|  89|0x00000006c5900000, 0x00000006c5900000, 0x00000006c5a00000|  0%| F|  |TS  0|AC  0|TAMS 0x00000006c5900000, 0x00000006c5900000|
|  90|0x00000006c5a00000, 0x00000006c5a00000, 0x00000006c5b00000|  0%| F|  |TS  0|AC  0|TAMS 0x00000006c5a00000, 0x00000006c5a00000|
|  91|0x00000006c5b00000, 0x00000006c5b00000, 0x00000006c5c00000|  0%| F|  |TS  0|AC  0|TAMS 0x00000006c5b00000, 0x00000006c5b00000|
|  92|0x00000006c5c00000, 0x00000006c5c00000, 0x00000006c5d00000|  0%| F|  |TS  0|AC  0|TAMS 0x00000006c5c00000, 0x00000006c5c00000|
|  93|0x00000006c5d00000, 0x00000006c5d00000, 0x00000006c5e00000|  0%| F|  |TS  0|AC  0|TAMS 0x00000006c5d00000, 0x00000006c5d00000|
|  94|0x00000006c5e00000, 0x00000006c5e00000, 0x00000006c5f00000|  0%| F|  |TS  0|AC  0|TAMS 0x00000006c5e00000, 0x00000006c5e00000|
|  95|0x00000006c5f00000, 0x00000006c5f00000, 0x00000006c6000000|  0%| F|  |TS  0|AC  0|TAMS 0x00000006c5f00000, 0x00000006c5f00000|
|  96|0x00000006c6000000, 0x00000006c6000000, 0x00000006c6100000|  0%| F|  |TS  0|AC  0|TAMS 0x00000006c6000000, 0x00000006c6000000|
|  97|0x00000006c6100000, 0x00000006c6100000, 0x00000006c6200000|  0%| F|  |TS  0|AC  0|TAMS 0x00000006c6100000, 0x00000006c6100000|
|  98|0x00000006c6200000, 0x00000006c6200000, 0x00000006c6300000|  0%| F|  |TS  0|AC  0|TAMS 0x00000006c6200000, 0x00000006c6200000|
|  99|0x00000006c6300000, 0x00000006c6300000, 0x00000006c6400000|  0%| F|  |TS  0|AC  0|TAMS 0x00000006c6300000, 0x00000006c6300000|
| 100|0x00000006c6400000, 0x00000006c6400000, 0x00000006c6500000|  0%| F|  |TS  0|AC  0|TAMS 0x00000006c6400000, 0x00000006c6400000|
| 101|0x00000006c6500000, 0x00000006c6500000, 0x00000006c6600000|  0%| F|  |TS  0|AC  0|TAMS 0x00000006c6500000, 0x00000006c6500000|
| 102|0x00000006c6600000, 0x00000006c6600000, 0x00000006c6700000|  0%| F|  |TS  0|AC  0|TAMS 0x00000006c6600000, 0x00000006c6600000|
| 103|0x00000006c6700000, 0x00000006c6700000, 0x00000006c6800000|  0%| F|  |TS  0|AC  0|TAMS 0x00000006c6700000, 0x00000006c6700000|
| 104|0x00000006c6800000, 0x00000006c6800000, 0x00000006c6900000|  0%| F|  |TS  0|AC  0|TAMS 0x00000006c6800000, 0x00000006c6800000|
| 105|0x00000006c6900000, 0x00000006c6900000, 0x00000006c6a00000|  0%| F|  |TS  0|AC  0|TAMS 0x00000006c6900000, 0x00000006c6900000|
| 106|0x00000006c6a00000, 0x00000006c6a00000, 0x00000006c6b00000|  0%| F|  |TS  0|AC  0|TAMS 0x00000006c6a00000, 0x00000006c6a00000|
| 107|0x00000006c6b00000, 0x00000006c6b00000, 0x00000006c6c00000|  0%| F|  |TS  0|AC  0|TAMS 0x00000006c6b00000, 0x00000006c6b00000|
| 108|0x00000006c6c00000, 0x00000006c6c00000, 0x00000006c6d00000|  0%| F|  |TS  0|AC  0|TAMS 0x00000006c6c00000, 0x00000006c6c00000|
| 109|0x00000006c6d00000, 0x00000006c6d00000, 0x00000006c6e00000|  0%| F|  |TS  0|AC  0|TAMS 0x00000006c6d00000, 0x00000006c6d00000|
| 110|0x00000006c6e00000, 0x00000006c6e00000, 0x00000006c6f00000|  0%| F|  |TS  0|AC  0|TAMS 0x00000006c6e00000, 0x00000006c6e00000|
| 111|0x00000006c6f00000, 0x00000006c6f00000, 0x00000006c7000000|  0%| F|  |TS  0|AC  0|TAMS 0x00000006c6f00000, 0x00000006c6f00000|
| 112|0x00000006c7000000, 0x00000006c7000000, 0x00000006c7100000|  0%| F|  |TS  0|AC  0|TAMS 0x00000006c7000000, 0x00000006c7000000|
| 113|0x00000006c7100000, 0x00000006c7100000, 0x00000006c7200000|  0%| F|  |TS  0|AC  0|TAMS 0x00000006c7100000, 0x00000006c7100000|
| 114|0x00000006c7200000, 0x00000006c7200000, 0x00000006c7300000|  0%| F|  |TS  0|AC  0|TAMS 0x00000006c7200000, 0x00000006c7200000|
| 115|0x00000006c7300000, 0x00000006c7300000, 0x00000006c7400000|  0%| F|  |TS  0|AC  0|TAMS 0x00000006c7300000, 0x00000006c7300000|
| 116|0x00000006c7400000, 0x00000006c7400000, 0x00000006c7500000|  0%| F|  |TS  0|AC  0|TAMS 0x00000006c7400000, 0x00000006c7400000|
| 117|0x00000006c7500000, 0x00000006c7500000, 0x00000006c7600000|  0%| F|  |TS  0|AC  0|TAMS 0x00000006c7500000, 0x00000006c7500000|
| 118|0x00000006c7600000, 0x00000006c7600000, 0x00000006c7700000|  0%| F|  |TS  0|AC  0|TAMS 0x00000006c7600000, 0x00000006c7600000|
| 119|0x00000006c7700000, 0x00000006c7700000, 0x00000006c7800000|  0%| F|  |TS  0|AC  0|TAMS 0x00000006c7700000, 0x00000006c7700000|
| 120|0x00000006c7800000, 0x00000006c7800000, 0x00000006c7900000|  0%| F|  |TS  0|AC  0|TAMS 0x00000006c7800000, 0x00000006c7800000|
| 121|0x00000006c7900000, 0x00000006c7900000, 0x00000006c7a00000|  0%| F|  |TS  0|AC  0|TAMS 0x00000006c7900000, 0x00000006c7900000|
| 122|0x00000006c7a00000, 0x00000006c7a00000, 0x00000006c7b00000|  0%| F|  |TS  0|AC  0|TAMS 0x00000006c7a00000, 0x00000006c7a00000|
| 123|0x00000006c7b00000, 0x00000006c7b00000, 0x00000006c7c00000|  0%| F|  |TS  0|AC  0|TAMS 0x00000006c7b00000, 0x00000006c7b00000|
| 124|0x00000006c7c00000, 0x00000006c7c00000, 0x00000006c7d00000|  0%| F|  |TS  0|AC  0|TAMS 0x00000006c7c00000, 0x00000006c7c00000|
| 125|0x00000006c7d00000, 0x00000006c7d00000, 0x00000006c7e00000|  0%| F|  |TS  0|AC  0|TAMS 0x00000006c7d00000, 0x00000006c7d00000|
| 126|0x00000006c7e00000, 0x00000006c7e00000, 0x00000006c7f00000|  0%| F|  |TS  0|AC  0|TAMS 0x00000006c7e00000, 0x00000006c7e00000|
| 127|0x00000006c7f00000, 0x00000006c7f00000, 0x00000006c8000000|  0%| F|  |TS  0|AC  0|TAMS 0x00000006c7f00000, 0x00000006c7f00000|
| 128|0x00000006c8000000, 0x00000006c8000000, 0x00000006c8100000|  0%| F|  |TS  0|AC  0|TAMS 0x00000006c8000000, 0x00000006c8000000|
| 129|0x00000006c8100000, 0x00000006c8100000, 0x00000006c8200000|  0%| F|  |TS  0|AC  0|TAMS 0x00000006c8100000, 0x00000006c8100000|
| 130|0x00000006c8200000, 0x00000006c8200000, 0x00000006c8300000|  0%| F|  |TS  0|AC  0|TAMS 0x00000006c8200000, 0x00000006c8200000|
| 131|0x00000006c8300000, 0x00000006c8300000, 0x00000006c8400000|  0%| F|  |TS  0|AC  0|TAMS 0x00000006c8300000, 0x00000006c8300000|
| 132|0x00000006c8400000, 0x00000006c8400000, 0x00000006c8500000|  0%| F|  |TS  0|AC  0|TAMS 0x00000006c8400000, 0x00000006c8400000|
| 133|0x00000006c8500000, 0x00000006c8500000, 0x00000006c8600000|  0%| F|  |TS  0|AC  0|TAMS 0x00000006c8500000, 0x00000006c8500000|
| 134|0x00000006c8600000, 0x00000006c8600000, 0x00000006c8700000|  0%| F|  |TS  0|AC  0|TAMS 0x00000006c8600000, 0x00000006c8600000|
| 135|0x00000006c8700000, 0x00000006c8700000, 0x00000006c8800000|  0%| F|  |TS  0|AC  0|TAMS 0x00000006c8700000, 0x00000006c8700000|
| 136|0x00000006c8800000, 0x00000006c8800000, 0x00000006c8900000|  0%| F|  |TS  0|AC  0|TAMS 0x00000006c8800000, 0x00000006c8800000|
| 137|0x00000006c8900000, 0x00000006c8900000, 0x00000006c8a00000|  0%| F|  |TS  0|AC  0|TAMS 0x00000006c8900000, 0x00000006c8900000|
| 138|0x00000006c8a00000, 0x00000006c8a00000, 0x00000006c8b00000|  0%| F|  |TS  0|AC  0|TAMS 0x00000006c8a00000, 0x00000006c8a00000|
| 139|0x00000006c8b00000, 0x00000006c8b00000, 0x00000006c8c00000|  0%| F|  |TS  0|AC  0|TAMS 0x00000006c8b00000, 0x00000006c8b00000|
| 140|0x00000006c8c00000, 0x00000006c8c00000, 0x00000006c8d00000|  0%| F|  |TS  0|AC  0|TAMS 0x00000006c8c00000, 0x00000006c8c00000|
| 141|0x00000006c8d00000, 0x00000006c8d00000, 0x00000006c8e00000|  0%| F|  |TS  0|AC  0|TAMS 0x00000006c8d00000, 0x00000006c8d00000|
| 142|0x00000006c8e00000, 0x00000006c8e00000, 0x00000006c8f00000|  0%| F|  |TS  0|AC  0|TAMS 0x00000006c8e00000, 0x00000006c8e00000|
| 143|0x00000006c8f00000, 0x00000006c8f00000, 0x00000006c9000000|  0%| F|  |TS  0|AC  0|TAMS 0x00000006c8f00000, 0x00000006c8f00000|
| 144|0x00000006c9000000, 0x00000006c9000000, 0x00000006c9100000|  0%| F|  |TS  0|AC  0|TAMS 0x00000006c9000000, 0x00000006c9000000|
| 145|0x00000006c9100000, 0x00000006c9100000, 0x00000006c9200000|  0%| F|  |TS  0|AC  0|TAMS 0x00000006c9100000, 0x00000006c9100000|
| 146|0x00000006c9200000, 0x00000006c9200000, 0x00000006c9300000|  0%| F|  |TS  0|AC  0|TAMS 0x00000006c9200000, 0x00000006c9200000|
| 147|0x00000006c9300000, 0x00000006c9300000, 0x00000006c9400000|  0%| F|  |TS  0|AC  0|TAMS 0x00000006c9300000, 0x00000006c9300000|
| 148|0x00000006c9400000, 0x00000006c9400000, 0x00000006c9500000|  0%| F|  |TS  0|AC  0|TAMS 0x00000006c9400000, 0x00000006c9400000|
| 149|0x00000006c9500000, 0x00000006c9500000, 0x00000006c9600000|  0%| F|  |TS  0|AC  0|TAMS 0x00000006c9500000, 0x00000006c9500000|
| 150|0x00000006c9600000, 0x00000006c9600000, 0x00000006c9700000|  0%| F|  |TS  0|AC  0|TAMS 0x00000006c9600000, 0x00000006c9600000|
| 151|0x00000006c9700000, 0x00000006c9700000, 0x00000006c9800000|  0%| F|  |TS  0|AC  0|TAMS 0x00000006c9700000, 0x00000006c9700000|
| 152|0x00000006c9800000, 0x00000006c9800000, 0x00000006c9900000|  0%| F|  |TS  0|AC  0|TAMS 0x00000006c9800000, 0x00000006c9800000|
| 153|0x00000006c9900000, 0x00000006c9900000, 0x00000006c9a00000|  0%| F|  |TS  0|AC  0|TAMS 0x00000006c9900000, 0x00000006c9900000|
| 154|0x00000006c9a00000, 0x00000006c9a00000, 0x00000006c9b00000|  0%| F|  |TS  0|AC  0|TAMS 0x00000006c9a00000, 0x00000006c9a00000|
| 155|0x00000006c9b00000, 0x00000006c9b00000, 0x00000006c9c00000|  0%| F|  |TS  0|AC  0|TAMS 0x00000006c9b00000, 0x00000006c9b00000|
| 156|0x00000006c9c00000, 0x00000006c9c00000, 0x00000006c9d00000|  0%| F|  |TS  0|AC  0|TAMS 0x00000006c9c00000, 0x00000006c9c00000|
| 157|0x00000006c9d00000, 0x00000006c9d00000, 0x00000006c9e00000|  0%| F|  |TS  0|AC  0|TAMS 0x00000006c9d00000, 0x00000006c9d00000|
| 158|0x00000006c9e00000, 0x00000006c9e00000, 0x00000006c9f00000|  0%| F|  |TS  0|AC  0|TAMS 0x00000006c9e00000, 0x00000006c9e00000|
| 159|0x00000006c9f00000, 0x00000006c9f00000, 0x00000006ca000000|  0%| F|  |TS  0|AC  0|TAMS 0x00000006c9f00000, 0x00000006c9f00000|
| 160|0x00000006ca000000, 0x00000006ca000000, 0x00000006ca100000|  0%| F|  |TS  0|AC  0|TAMS 0x00000006ca000000, 0x00000006ca000000|
| 161|0x00000006ca100000, 0x00000006ca100000, 0x00000006ca200000|  0%| F|  |TS  0|AC  0|TAMS 0x00000006ca100000, 0x00000006ca100000|
| 162|0x00000006ca200000, 0x00000006ca200000, 0x00000006ca300000|  0%| F|  |TS  0|AC  0|TAMS 0x00000006ca200000, 0x00000006ca200000|
| 163|0x00000006ca300000, 0x00000006ca300000, 0x00000006ca400000|  0%| F|  |TS  0|AC  0|TAMS 0x00000006ca300000, 0x00000006ca300000|
| 164|0x00000006ca400000, 0x00000006ca400000, 0x00000006ca500000|  0%| F|  |TS  0|AC  0|TAMS 0x00000006ca400000, 0x00000006ca400000|
| 165|0x00000006ca500000, 0x00000006ca500000, 0x00000006ca600000|  0%| F|  |TS  0|AC  0|TAMS 0x00000006ca500000, 0x00000006ca500000|
| 166|0x00000006ca600000, 0x00000006ca600000, 0x00000006ca700000|  0%| F|  |TS  0|AC  0|TAMS 0x00000006ca600000, 0x00000006ca600000|
| 167|0x00000006ca700000, 0x00000006ca700000, 0x00000006ca800000|  0%| F|  |TS  0|AC  0|TAMS 0x00000006ca700000, 0x00000006ca700000|
| 168|0x00000006ca800000, 0x00000006ca800000, 0x00000006ca900000|  0%| F|  |TS  0|AC  0|TAMS 0x00000006ca800000, 0x00000006ca800000|
| 169|0x00000006ca900000, 0x00000006ca900000, 0x00000006caa00000|  0%| F|  |TS  0|AC  0|TAMS 0x00000006ca900000, 0x00000006ca900000|
| 170|0x00000006caa00000, 0x00000006caa00000, 0x00000006cab00000|  0%| F|  |TS  0|AC  0|TAMS 0x00000006caa00000, 0x00000006caa00000|
| 171|0x00000006cab00000, 0x00000006cab00000, 0x00000006cac00000|  0%| F|  |TS  0|AC  0|TAMS 0x00000006cab00000, 0x00000006cab00000|
| 172|0x00000006cac00000, 0x00000006cac00000, 0x00000006cad00000|  0%| F|  |TS  0|AC  0|TAMS 0x00000006cac00000, 0x00000006cac00000|
| 173|0x00000006cad00000, 0x00000006cad00000, 0x00000006cae00000|  0%| F|  |TS  0|AC  0|TAMS 0x00000006cad00000, 0x00000006cad00000|
| 174|0x00000006cae00000, 0x00000006cae00000, 0x00000006caf00000|  0%| F|  |TS  0|AC  0|TAMS 0x00000006cae00000, 0x00000006cae00000|
| 175|0x00000006caf00000, 0x00000006caf00000, 0x00000006cb000000|  0%| F|  |TS  0|AC  0|TAMS 0x00000006caf00000, 0x00000006caf00000|
| 176|0x00000006cb000000, 0x00000006cb000000, 0x00000006cb100000|  0%| F|  |TS  0|AC  0|TAMS 0x00000006cb000000, 0x00000006cb000000|
| 177|0x00000006cb100000, 0x00000006cb100000, 0x00000006cb200000|  0%| F|  |TS  0|AC  0|TAMS 0x00000006cb100000, 0x00000006cb100000|
| 178|0x00000006cb200000, 0x00000006cb200000, 0x00000006cb300000|  0%| F|  |TS  0|AC  0|TAMS 0x00000006cb200000, 0x00000006cb200000|
| 179|0x00000006cb300000, 0x00000006cb300000, 0x00000006cb400000|  0%| F|  |TS  0|AC  0|TAMS 0x00000006cb300000, 0x00000006cb300000|
| 180|0x00000006cb400000, 0x00000006cb400000, 0x00000006cb500000|  0%| F|  |TS  0|AC  0|TAMS 0x00000006cb400000, 0x00000006cb400000|
| 181|0x00000006cb500000, 0x00000006cb500000, 0x00000006cb600000|  0%| F|  |TS  0|AC  0|TAMS 0x00000006cb500000, 0x00000006cb500000|
| 182|0x00000006cb600000, 0x00000006cb600000, 0x00000006cb700000|  0%| F|  |TS  0|AC  0|TAMS 0x00000006cb600000, 0x00000006cb600000|
| 183|0x00000006cb700000, 0x00000006cb700000, 0x00000006cb800000|  0%| F|  |TS  0|AC  0|TAMS 0x00000006cb700000, 0x00000006cb700000|
| 184|0x00000006cb800000, 0x00000006cb800000, 0x00000006cb900000|  0%| F|  |TS  0|AC  0|TAMS 0x00000006cb800000, 0x00000006cb800000|
| 185|0x00000006cb900000, 0x00000006cb900000, 0x00000006cba00000|  0%| F|  |TS  0|AC  0|TAMS 0x00000006cb900000, 0x00000006cb900000|
| 186|0x00000006cba00000, 0x00000006cba00000, 0x00000006cbb00000|  0%| F|  |TS  0|AC  0|TAMS 0x00000006cba00000, 0x00000006cba00000|
| 187|0x00000006cbb00000, 0x00000006cbb00000, 0x00000006cbc00000|  0%| F|  |TS  0|AC  0|TAMS 0x00000006cbb00000, 0x00000006cbb00000|
| 188|0x00000006cbc00000, 0x00000006cbc00000, 0x00000006cbd00000|  0%| F|  |TS  0|AC  0|TAMS 0x00000006cbc00000, 0x00000006cbc00000|
| 189|0x00000006cbd00000, 0x00000006cbd00000, 0x00000006cbe00000|  0%| F|  |TS  0|AC  0|TAMS 0x00000006cbd00000, 0x00000006cbd00000|
| 190|0x00000006cbe00000, 0x00000006cbe00000, 0x00000006cbf00000|  0%| F|  |TS  0|AC  0|TAMS 0x00000006cbe00000, 0x00000006cbe00000|
| 191|0x00000006cbf00000, 0x00000006cbf00000, 0x00000006cc000000|  0%| F|  |TS  0|AC  0|TAMS 0x00000006cbf00000, 0x00000006cbf00000|
| 192|0x00000006cc000000, 0x00000006cc000000, 0x00000006cc100000|  0%| F|  |TS  0|AC  0|TAMS 0x00000006cc000000, 0x00000006cc000000|
| 193|0x00000006cc100000, 0x00000006cc100000, 0x00000006cc200000|  0%| F|  |TS  0|AC  0|TAMS 0x00000006cc100000, 0x00000006cc100000|
| 194|0x00000006cc200000, 0x00000006cc200000, 0x00000006cc300000|  0%| F|  |TS  0|AC  0|TAMS 0x00000006cc200000, 0x00000006cc200000|
| 195|0x00000006cc300000, 0x00000006cc300000, 0x00000006cc400000|  0%| F|  |TS  0|AC  0|TAMS 0x00000006cc300000, 0x00000006cc300000|
| 196|0x00000006cc400000, 0x00000006cc400000, 0x00000006cc500000|  0%| F|  |TS  0|AC  0|TAMS 0x00000006cc400000, 0x00000006cc400000|
| 197|0x00000006cc500000, 0x00000006cc500000, 0x00000006cc600000|  0%| F|  |TS  0|AC  0|TAMS 0x00000006cc500000, 0x00000006cc500000|
| 198|0x00000006cc600000, 0x00000006cc600000, 0x00000006cc700000|  0%| F|  |TS  0|AC  0|TAMS 0x00000006cc600000, 0x00000006cc600000|
| 199|0x00000006cc700000, 0x00000006cc700000, 0x00000006cc800000|  0%| F|  |TS  0|AC  0|TAMS 0x00000006cc700000, 0x00000006cc700000|
| 200|0x00000006cc800000, 0x00000006cc800000, 0x00000006cc900000|  0%| F|  |TS  0|AC  0|TAMS 0x00000006cc800000, 0x00000006cc800000|
| 201|0x00000006cc900000, 0x00000006cc900000, 0x00000006cca00000|  0%| F|  |TS  0|AC  0|TAMS 0x00000006cc900000, 0x00000006cc900000|
| 202|0x00000006cca00000, 0x00000006cca00000, 0x00000006ccb00000|  0%| F|  |TS  0|AC  0|TAMS 0x00000006cca00000, 0x00000006cca00000|
| 203|0x00000006ccb00000, 0x00000006ccb00000, 0x00000006ccc00000|  0%| F|  |TS  0|AC  0|TAMS 0x00000006ccb00000, 0x00000006ccb00000|
| 204|0x00000006ccc00000, 0x00000006ccc00000, 0x00000006ccd00000|  0%| F|  |TS  0|AC  0|TAMS 0x00000006ccc00000, 0x00000006ccc00000|
| 205|0x00000006ccd00000, 0x00000006ccd00000, 0x00000006cce00000|  0%| F|  |TS  0|AC  0|TAMS 0x00000006ccd00000, 0x00000006ccd00000|
| 206|0x00000006cce00000, 0x00000006cce00000, 0x00000006ccf00000|  0%| F|  |TS  0|AC  0|TAMS 0x00000006cce00000, 0x00000006cce00000|
| 207|0x00000006ccf00000, 0x00000006ccf00000, 0x00000006cd000000|  0%| F|  |TS  0|AC  0|TAMS 0x00000006ccf00000, 0x00000006ccf00000|
| 208|0x00000006cd000000, 0x00000006cd000000, 0x00000006cd100000|  0%| F|  |TS  0|AC  0|TAMS 0x00000006cd000000, 0x00000006cd000000|
| 209|0x00000006cd100000, 0x00000006cd100000, 0x00000006cd200000|  0%| F|  |TS  0|AC  0|TAMS 0x00000006cd100000, 0x00000006cd100000|
| 210|0x00000006cd200000, 0x00000006cd200000, 0x00000006cd300000|  0%| F|  |TS  0|AC  0|TAMS 0x00000006cd200000, 0x00000006cd200000|
| 211|0x00000006cd300000, 0x00000006cd300000, 0x00000006cd400000|  0%| F|  |TS  0|AC  0|TAMS 0x00000006cd300000, 0x00000006cd300000|
| 212|0x00000006cd400000, 0x00000006cd400000, 0x00000006cd500000|  0%| F|  |TS  0|AC  0|TAMS 0x00000006cd400000, 0x00000006cd400000|
| 213|0x00000006cd500000, 0x00000006cd500000, 0x00000006cd600000|  0%| F|  |TS  0|AC  0|TAMS 0x00000006cd500000, 0x00000006cd500000|
| 214|0x00000006cd600000, 0x00000006cd600000, 0x00000006cd700000|  0%| F|  |TS  0|AC  0|TAMS 0x00000006cd600000, 0x00000006cd600000|
| 215|0x00000006cd700000, 0x00000006cd700000, 0x00000006cd800000|  0%| F|  |TS  0|AC  0|TAMS 0x00000006cd700000, 0x00000006cd700000|
| 216|0x00000006cd800000, 0x00000006cd800000, 0x00000006cd900000|  0%| F|  |TS  0|AC  0|TAMS 0x00000006cd800000, 0x00000006cd800000|
| 217|0x00000006cd900000, 0x00000006cd900000, 0x00000006cda00000|  0%| F|  |TS  0|AC  0|TAMS 0x00000006cd900000, 0x00000006cd900000|
| 218|0x00000006cda00000, 0x00000006cda00000, 0x00000006cdb00000|  0%| F|  |TS  0|AC  0|TAMS 0x00000006cda00000, 0x00000006cda00000|
| 219|0x00000006cdb00000, 0x00000006cdb00000, 0x00000006cdc00000|  0%| F|  |TS  0|AC  0|TAMS 0x00000006cdb00000, 0x00000006cdb00000|
| 220|0x00000006cdc00000, 0x00000006cdc00000, 0x00000006cdd00000|  0%| F|  |TS  0|AC  0|TAMS 0x00000006cdc00000, 0x00000006cdc00000|
| 221|0x00000006cdd00000, 0x00000006cdd00000, 0x00000006cde00000|  0%| F|  |TS  0|AC  0|TAMS 0x00000006cdd00000, 0x00000006cdd00000|
| 222|0x00000006cde00000, 0x00000006cde00000, 0x00000006cdf00000|  0%| F|  |TS  0|AC  0|TAMS 0x00000006cde00000, 0x00000006cde00000|
| 223|0x00000006cdf00000, 0x00000006cdf00000, 0x00000006ce000000|  0%| F|  |TS  0|AC  0|TAMS 0x00000006cdf00000, 0x00000006cdf00000|
| 224|0x00000006ce000000, 0x00000006ce000000, 0x00000006ce100000|  0%| F|  |TS  0|AC  0|TAMS 0x00000006ce000000, 0x00000006ce000000|
| 225|0x00000006ce100000, 0x00000006ce100000, 0x00000006ce200000|  0%| F|  |TS  0|AC  0|TAMS 0x00000006ce100000, 0x00000006ce100000|
| 226|0x00000006ce200000, 0x00000006ce200000, 0x00000006ce300000|  0%| F|  |TS  0|AC  0|TAMS 0x00000006ce200000, 0x00000006ce200000|
| 227|0x00000006ce300000, 0x00000006ce300000, 0x00000006ce400000|  0%| F|  |TS  0|AC  0|TAMS 0x00000006ce300000, 0x00000006ce300000|
| 228|0x00000006ce400000, 0x00000006ce400000, 0x00000006ce500000|  0%| F|  |TS  0|AC  0|TAMS 0x00000006ce400000, 0x00000006ce400000|
| 229|0x00000006ce500000, 0x00000006ce600000, 0x00000006ce600000|100%| S|CS|TS  1|AC  0|TAMS 0x00000006ce500000, 0x00000006ce500000|
| 230|0x00000006ce600000, 0x00000006ce700000, 0x00000006ce700000|100%| S|CS|TS  1|AC  0|TAMS 0x00000006ce600000, 0x00000006ce600000|
| 231|0x00000006ce700000, 0x00000006ce800000, 0x00000006ce800000|100%| S|CS|TS  1|AC  0|TAMS 0x00000006ce700000, 0x00000006ce700000|
| 232|0x00000006ce800000, 0x00000006ce800000, 0x00000006ce900000|  0%| F|  |TS  1|AC  0|TAMS 0x00000006ce800000, 0x00000006ce800000|
| 233|0x00000006ce900000, 0x00000006ce900000, 0x00000006cea00000|  0%| F|  |TS  1|AC  0|TAMS 0x00000006ce900000, 0x00000006ce900000|
| 234|0x00000006cea00000, 0x00000006cea00000, 0x00000006ceb00000|  0%| F|  |TS  1|AC  0|TAMS 0x00000006cea00000, 0x00000006cea00000|
| 235|0x00000006ceb00000, 0x00000006ceb00000, 0x00000006cec00000|  0%| F|  |TS  1|AC  0|TAMS 0x00000006ceb00000, 0x00000006ceb00000|
| 236|0x00000006cec00000, 0x00000006cec00000, 0x00000006ced00000|  0%| F|  |TS  1|AC  0|TAMS 0x00000006cec00000, 0x00000006cec00000|
| 237|0x00000006ced00000, 0x00000006ced00000, 0x00000006cee00000|  0%| F|  |TS  1|AC  0|TAMS 0x00000006ced00000, 0x00000006ced00000|
| 238|0x00000006cee00000, 0x00000006cee00000, 0x00000006cef00000|  0%| F|  |TS  1|AC  0|TAMS 0x00000006cee00000, 0x00000006cee00000|
| 239|0x00000006cef00000, 0x00000006cef00000, 0x00000006cf000000|  0%| F|  |TS  1|AC  0|TAMS 0x00000006cef00000, 0x00000006cef00000|
| 240|0x00000006cf000000, 0x00000006cf000000, 0x00000006cf100000|  0%| F|  |TS  1|AC  0|TAMS 0x00000006cf000000, 0x00000006cf000000|
| 241|0x00000006cf100000, 0x00000006cf100000, 0x00000006cf200000|  0%| F|  |TS  1|AC  0|TAMS 0x00000006cf100000, 0x00000006cf100000|
| 242|0x00000006cf200000, 0x00000006cf200000, 0x00000006cf300000|  0%| F|  |TS  1|AC  0|TAMS 0x00000006cf200000, 0x00000006cf200000|
| 243|0x00000006cf300000, 0x00000006cf300000, 0x00000006cf400000|  0%| F|  |TS  1|AC  0|TAMS 0x00000006cf300000, 0x00000006cf300000|
| 244|0x00000006cf400000, 0x00000006cf400000, 0x00000006cf500000|  0%| F|  |TS  1|AC  0|TAMS 0x00000006cf400000, 0x00000006cf400000|
| 245|0x00000006cf500000, 0x00000006cf500000, 0x00000006cf600000|  0%| F|  |TS  1|AC  0|TAMS 0x00000006cf500000, 0x00000006cf500000|
| 246|0x00000006cf600000, 0x00000006cf600000, 0x00000006cf700000|  0%| F|  |TS  1|AC  0|TAMS 0x00000006cf600000, 0x00000006cf600000|
| 247|0x00000006cf700000, 0x00000006cf700000, 0x00000006cf800000|  0%| F|  |TS  1|AC  0|TAMS 0x00000006cf700000, 0x00000006cf700000|
| 248|0x00000006cf800000, 0x00000006cf800000, 0x00000006cf900000|  0%| F|  |TS  1|AC  0|TAMS 0x00000006cf800000, 0x00000006cf800000|
| 249|0x00000006cf900000, 0x00000006cf900000, 0x00000006cfa00000|  0%| F|  |TS  1|AC  0|TAMS 0x00000006cf900000, 0x00000006cf900000|
| 250|0x00000006cfa00000, 0x00000006cfa00000, 0x00000006cfb00000|  0%| F|  |TS  1|AC  0|TAMS 0x00000006cfa00000, 0x00000006cfa00000|
| 251|0x00000006cfb00000, 0x00000006cfb12f78, 0x00000006cfc00000|  7%| E|  |TS  1|AC  0|TAMS 0x00000006cfb00000, 0x00000006cfb00000|
| 252|0x00000006cfc00000, 0x00000006cfd00000, 0x00000006cfd00000|100%| E|CS|TS  1|AC  0|TAMS 0x00000006cfc00000, 0x00000006cfc00000|
| 253|0x00000006cfd00000, 0x00000006cfe00000, 0x00000006cfe00000|100%| E|CS|TS  1|AC  0|TAMS 0x00000006cfd00000, 0x00000006cfd00000|
| 254|0x00000006cfe00000, 0x00000006cff00000, 0x00000006cff00000|100%| E|CS|TS  1|AC  0|TAMS 0x00000006cfe00000, 0x00000006cfe00000|
| 255|0x00000006cff00000, 0x00000006d0000000, 0x00000006d0000000|100%| E|CS|TS  1|AC  0|TAMS 0x00000006cff00000, 0x00000006cff00000|

Card table byte_map: [0x0000000128d41000,0x0000000129541000] byte_map_base: 0x0000000125741000

Marking Bits (Prev, Next): (CMBitMap*) 0x00007fdb48006470, (CMBitMap*) 0x00007fdb480064a8
 Prev Bits: [0x0000000129d41000, 0x000000012dd41000)
 Next Bits: [0x000000012dd41000, 0x0000000131d41000)

Polling page: 0x000000010bca4000

CodeHeap 'non-profiled nmethods': size=120032Kb used=439Kb max_used=439Kb free=119592Kb
 bounds [0x0000000120809000, 0x0000000120a79000, 0x0000000127d41000]
CodeHeap 'profiled nmethods': size=120028Kb used=2741Kb max_used=2741Kb free=117286Kb
 bounds [0x00000001192d2000, 0x0000000119582000, 0x0000000120809000]
CodeHeap 'non-nmethods': size=5700Kb used=1232Kb max_used=1255Kb free=4467Kb
 bounds [0x0000000118d41000, 0x0000000118fb1000, 0x00000001192d2000]
 total_blobs=2107 nmethods=1402 adapters=331
 compilation: enabled

Compilation events (10 events):
Event: 8.259 Thread 0x00007fdb48817800 1397       3       org.agrona.collections.Int2ObjectHashMap$AbstractIterator::reset (74 bytes)
Event: 8.260 Thread 0x00007fdb48817800 nmethod 1397 0x000000011957e610 code [0x000000011957e7e0, 0x000000011957eaf0]
Event: 8.260 Thread 0x00007fdb48817800 1399       3       org.agrona.collections.Int2ObjectHashMap::entrySet (5 bytes)
Event: 8.260 Thread 0x00007fdb48817800 nmethod 1399 0x000000011957ec10 code [0x000000011957ede0, 0x000000011957f0e8]
Event: 8.260 Thread 0x00007fdb48817800 1400       3       org.agrona.collections.Int2ObjectHashMap::entrySet (25 bytes)
Event: 8.260 Thread 0x00007fdb48817800 nmethod 1400 0x000000011957f210 code [0x000000011957f3c0, 0x000000011957f648]
Event: 8.260 Thread 0x00007fdb48817800 1401       1       org.reaktivity.reaktor.internal.types.Flyweight$Builder::limit (5 bytes)
Event: 8.260 Thread 0x00007fdb48817800 nmethod 1401 0x0000000120876690 code [0x0000000120876840, 0x0000000120876950]
Event: 8.260 Thread 0x00007fdb48817800 1402       1       org.reaktivity.reaktor.internal.types.Flyweight::maxLimit (5 bytes)
Event: 8.260 Thread 0x00007fdb48817800 nmethod 1402 0x0000000120876a10 code [0x0000000120876bc0, 0x0000000120876cd0]

GC Heap History (2 events):
Event: 1.776 GC heap before
{Heap before GC invocations=0 (full 0):
 garbage-first heap   total 262144K, used 32768K [0x00000006c0000000, 0x00000006c0100800, 0x00000007c0000000)
  region size 1024K, 24 young (24576K), 0 survivors (0K)
 Metaspace       used 13191K, capacity 14088K, committed 14336K, reserved 1062912K
  class space    used 1358K, capacity 1531K, committed 1536K, reserved 1048576K
}
Event: 1.783 GC heap after
{Heap after GC invocations=1 (full 0):
 garbage-first heap   total 262144K, used 9589K [0x00000006c0000000, 0x00000006c0100800, 0x00000007c0000000)
  region size 1024K, 3 young (3072K), 3 survivors (3072K)
 Metaspace       used 13191K, capacity 14088K, committed 14336K, reserved 1062912K
  class space    used 1358K, capacity 1531K, committed 1536K, reserved 1048576K
}

Deoptimization events (10 events):
Event: 0.473 Thread 0x00007fdb47008800 Uncommon trap: reason=unstable_if action=reinterpret pc=0x000000012081c6ec method=java.lang.StringLatin1.indexOf([BI[BII)I @ 80 c2
Event: 1.255 Thread 0x00007fdb4a13c000 Uncommon trap: reason=unstable_if action=reinterpret pc=0x000000012084e6c0 method=java.lang.StringLatin1.canEncode(I)Z @ 4 c2
Event: 1.256 Thread 0x00007fdb4a13c000 Uncommon trap: reason=unstable_if action=reinterpret pc=0x000000012080c01c method=java.lang.String.charAt(I)C @ 4 c2
Event: 1.295 Thread 0x00007fdb4a13c000 Uncommon trap: reason=unstable_if action=reinterpret pc=0x0000000120814028 method=java.util.HashMap.hash(Ljava/lang/Object;)I @ 1 c2
Event: 1.371 Thread 0x00007fdb4a13c000 Uncommon trap: reason=unstable_if action=reinterpret pc=0x000000012081bb28 method=java.lang.String.equals(Ljava/lang/Object;)Z @ 27 c2
Event: 1.792 Thread 0x00007fdb4616a000 Uncommon trap: reason=unstable_if action=reinterpret pc=0x0000000120865310 method=java.lang.ref.SoftReference.get()Ljava/lang/Object; @ 17 c2
Event: 1.802 Thread 0x00007fdb4616a000 Uncommon trap: reason=class_check action=maybe_recompile pc=0x0000000120853eec method=java.util.HashMap.putVal(ILjava/lang/Object;Ljava/lang/Object;ZZ)Ljava/lang/Object; @ 203 c2
Event: 2.802 Thread 0x00007fdb4616a000 Uncommon trap: reason=unstable_if action=reinterpret pc=0x000000012086b768 method=org.agrona.DeadlineTimerWheel.poll(JLorg/agrona/DeadlineTimerWheel$TimerHandler;I)I @ 74 c2
Event: 3.234 Thread 0x00007fdb48106000 Uncommon trap: reason=unstable_if action=reinterpret pc=0x0000000120849d78 method=java.lang.ThreadLocal$ThreadLocalMap.getEntry(Ljava/lang/ThreadLocal;)Ljava/lang/ThreadLocal$ThreadLocalMap$Entry; @ 29 c2
Event: 8.258 Thread 0x00007fdb48106000 Uncommon trap: reason=unloaded action=reinterpret pc=0x0000000120875bd8 method=org.reaktivity.reaktor.internal.agent.ElektronAgent.doWork()I @ 99 c2

Classes redefined (0 events):
No events

Internal exceptions (10 events):
Event: 6.638 Thread 0x00007fdb4a13c000 Exception <a 'java/net/SocketTimeoutException'{0x00000006cfb01e28}: Read timed out> (0x00000006cfb01e28) thrown at [/HUDSON/workspace/9-2-build-macosx-x86_64-phase2/jdk9/6725/hotspot/src/share/vm/prims/jni.cpp, line 625]
Event: 6.842 Thread 0x00007fdb4a13c000 Exception <a 'java/net/SocketTimeoutException'{0x00000006cfb020b0}: Read timed out> (0x00000006cfb020b0) thrown at [/HUDSON/workspace/9-2-build-macosx-x86_64-phase2/jdk9/6725/hotspot/src/share/vm/prims/jni.cpp, line 625]
Event: 7.044 Thread 0x00007fdb4a13c000 Exception <a 'java/net/SocketTimeoutException'{0x00000006cfb02338}: Read timed out> (0x00000006cfb02338) thrown at [/HUDSON/workspace/9-2-build-macosx-x86_64-phase2/jdk9/6725/hotspot/src/share/vm/prims/jni.cpp, line 625]
Event: 7.249 Thread 0x00007fdb4a13c000 Exception <a 'java/net/SocketTimeoutException'{0x00000006cfb025c0}: Read timed out> (0x00000006cfb025c0) thrown at [/HUDSON/workspace/9-2-build-macosx-x86_64-phase2/jdk9/6725/hotspot/src/share/vm/prims/jni.cpp, line 625]
Event: 7.451 Thread 0x00007fdb4a13c000 Exception <a 'java/net/SocketTimeoutException'{0x00000006cfb02848}: Read timed out> (0x00000006cfb02848) thrown at [/HUDSON/workspace/9-2-build-macosx-x86_64-phase2/jdk9/6725/hotspot/src/share/vm/prims/jni.cpp, line 625]
Event: 7.652 Thread 0x00007fdb4a13c000 Exception <a 'java/net/SocketTimeoutException'{0x00000006cfb02ad0}: Read timed out> (0x00000006cfb02ad0) thrown at [/HUDSON/workspace/9-2-build-macosx-x86_64-phase2/jdk9/6725/hotspot/src/share/vm/prims/jni.cpp, line 625]
Event: 7.853 Thread 0x00007fdb4a13c000 Exception <a 'java/net/SocketTimeoutException'{0x00000006cfb02d58}: Read timed out> (0x00000006cfb02d58) thrown at [/HUDSON/workspace/9-2-build-macosx-x86_64-phase2/jdk9/6725/hotspot/src/share/vm/prims/jni.cpp, line 625]
Event: 8.053 Thread 0x00007fdb4a13c000 Exception <a 'java/net/SocketTimeoutException'{0x00000006cfb02fe0}: Read timed out> (0x00000006cfb02fe0) thrown at [/HUDSON/workspace/9-2-build-macosx-x86_64-phase2/jdk9/6725/hotspot/src/share/vm/prims/jni.cpp, line 625]
Event: 8.257 Thread 0x00007fdb4a13c000 Exception <a 'java/net/SocketTimeoutException'{0x00000006cfb03268}: Read timed out> (0x00000006cfb03268) thrown at [/HUDSON/workspace/9-2-build-macosx-x86_64-phase2/jdk9/6725/hotspot/src/share/vm/prims/jni.cpp, line 625]
Event: 8.458 Thread 0x00007fdb4a13c000 Exception <a 'java/net/SocketTimeoutException'{0x00000006cfb034f0}: Read timed out> (0x00000006cfb034f0) thrown at [/HUDSON/workspace/9-2-build-macosx-x86_64-phase2/jdk9/6725/hotspot/src/share/vm/prims/jni.cpp, line 625]

Events (10 events):
Event: 3.264 loading class org/reaktivity/nukleus/http_cache/internal/types/HttpHeaderFW$Builder done
Event: 4.180 Executing VM operation: EnableBiasedLocking
Event: 4.181 Executing VM operation: EnableBiasedLocking done
Event: 8.258 Thread 0x00007fdb48106000 Uncommon trap: trap_request=0x000000fe fr.pc=0x0000000120875bd8 relative=0x00000000000009f8
Event: 8.258 Thread 0x00007fdb48106000 DEOPT PACKING pc=0x0000000120875bd8 sp=0x000070000bdec9d0
Event: 8.258 Thread 0x00007fdb48106000 DEOPT UNPACKING pc=0x0000000118d8ec9f sp=0x000070000bdec9b0 mode 2
Event: 8.259 Thread 0x00007fdb48106000 Thread exited: 0x00007fdb48106000
Event: 8.461 Thread 0x00007fdb4a13c000 Thread exited: 0x00007fdb4a13c000
Event: 8.461 loading class org/junit/AssumptionViolatedException
Event: 8.461 loading class org/junit/AssumptionViolatedException done


Dynamic libraries:
0x00007fff33470000 	/System/Library/Frameworks/Cocoa.framework/Versions/A/Cocoa
0x00007fff40a24000 	/System/Library/Frameworks/Security.framework/Versions/A/Security
0x00007fff32410000 	/System/Library/Frameworks/ApplicationServices.framework/Versions/A/ApplicationServices
0x00007fff6ac50000 	/usr/lib/libz.1.dylib
0x00007fff68738000 	/usr/lib/libSystem.B.dylib
0x00007fff343d9000 	/System/Library/Frameworks/CoreFoundation.framework/Versions/A/CoreFoundation
0x00007fff36a9c000 	/System/Library/Frameworks/Foundation.framework/Versions/C/Foundation
0x00007fff6a578000 	/usr/lib/libobjc.A.dylib
0x00007fff31608000 	/System/Library/Frameworks/AppKit.framework/Versions/C/AppKit
0x00007fff33eed000 	/System/Library/Frameworks/CoreData.framework/Versions/A/CoreData
0x00007fff64fe3000 	/System/Library/PrivateFrameworks/UIFoundation.framework/Versions/A/UIFoundation
0x00007fff5f814000 	/System/Library/PrivateFrameworks/RemoteViewServices.framework/Versions/A/RemoteViewServices
0x00007fff67a66000 	/System/Library/PrivateFrameworks/XCTTargetBootstrap.framework/Versions/A/XCTTargetBootstrap
0x00007fff342cc000 	/System/Library/Frameworks/CoreDisplay.framework/Versions/A/CoreDisplay
0x00007fff3980f000 	/System/Library/Frameworks/Metal.framework/Versions/A/Metal
0x00007fff4dd20000 	/System/Library/PrivateFrameworks/DesktopServicesPriv.framework/Versions/A/DesktopServicesPriv
0x00007fff69863000 	/usr/lib/liblangid.dylib
0x00007fff4ce77000 	/System/Library/PrivateFrameworks/CoreSVG.framework/Versions/A/CoreSVG
0x00007fff62594000 	/System/Library/PrivateFrameworks/SkyLight.framework/Versions/A/SkyLight
0x00007fff3485a000 	/System/Library/Frameworks/CoreGraphics.framework/Versions/A/CoreGraphics
0x00007fff301a9000 	/System/Library/Frameworks/Accelerate.framework/Versions/A/Accelerate
0x00007fff6ab41000 	/usr/lib/libxml2.2.dylib
0x00007fff58a23000 	/System/Library/PrivateFrameworks/IconServices.framework/Versions/A/IconServices
0x00007fff3727e000 	/System/Library/Frameworks/IOSurface.framework/Versions/A/IOSurface
0x00007fff68270000 	/usr/lib/libDiagnosticMessagesClient.dylib
0x00007fff4db99000 	/System/Library/PrivateFrameworks/DFRFoundation.framework/Versions/A/DFRFoundation
0x00007fff695f1000 	/usr/lib/libicucore.A.dylib
0x00007fff32742000 	/System/Library/Frameworks/AudioToolbox.framework/Versions/A/AudioToolbox
0x00007fff32824000 	/System/Library/Frameworks/AudioUnit.framework/Versions/A/AudioUnit
0x00007fff6893a000 	/usr/lib/libauto.dylib
0x00007fff4dc1a000 	/System/Library/PrivateFrameworks/DataDetectorsCore.framework/Versions/A/DataDetectorsCore
0x00007fff32f90000 	/System/Library/Frameworks/Carbon.framework/Versions/A/Frameworks/HIToolbox.framework/Versions/A/HIToolbox
0x00007fff3fc59000 	/System/Library/Frameworks/QuartzCore.framework/Versions/A/QuartzCore
0x00007fff332cf000 	/System/Library/Frameworks/Carbon.framework/Versions/A/Frameworks/SpeechRecognition.framework/Versions/A/SpeechRecognition
0x00007fff4d51d000 	/System/Library/PrivateFrameworks/CoreUI.framework/Versions/A/CoreUI
0x00007fff33953000 	/System/Library/Frameworks/CoreAudio.framework/Versions/A/CoreAudio
0x00007fff36764000 	/System/Library/Frameworks/DiskArbitration.framework/Versions/A/DiskArbitration
0x00007fff5aa2c000 	/System/Library/PrivateFrameworks/MultitouchSupport.framework/Versions/A/MultitouchSupport
0x00007fff694b7000 	/usr/lib/libenergytrace.dylib
0x00007fff371d9000 	/System/Library/Frameworks/IOKit.framework/Versions/A/IOKit
0x00007fff357c6000 	/System/Library/Frameworks/CoreServices.framework/Versions/A/CoreServices
0x00007fff5caa2000 	/System/Library/PrivateFrameworks/PerformanceAnalysis.framework/Versions/A/PerformanceAnalysis
0x00007fff3ec90000 	/System/Library/Frameworks/OpenGL.framework/Versions/A/OpenGL
0x00007fff3347e000 	/System/Library/Frameworks/ColorSync.framework/Versions/A/ColorSync
0x00007fff34ee0000 	/System/Library/Frameworks/CoreImage.framework/Versions/A/CoreImage
0x00007fff3623b000 	/System/Library/Frameworks/CoreText.framework/Versions/A/CoreText
0x00007fff37305000 	/System/Library/Frameworks/ImageIO.framework/Versions/A/ImageIO
0x00007fff68a16000 	/usr/lib/libc++.1.dylib
0x00007fff68a92000 	/usr/lib/libcompression.dylib
0x00007fff685b2000 	/usr/lib/libMobileGestalt.dylib
0x00007fff640c5000 	/System/Library/PrivateFrameworks/TextureIO.framework/Versions/A/TextureIO
0x00007fff688a0000 	/usr/lib/libate.dylib
0x00007fff58c2b000 	/System/Library/PrivateFrameworks/InternationalSupport.framework/Versions/A/InternationalSupport
0x00007fff6b6c8000 	/usr/lib/system/libcache.dylib
0x00007fff6b6ce000 	/usr/lib/system/libcommonCrypto.dylib
0x00007fff6b6da000 	/usr/lib/system/libcompiler_rt.dylib
0x00007fff6b6e2000 	/usr/lib/system/libcopyfile.dylib
0x00007fff6b6ec000 	/usr/lib/system/libcorecrypto.dylib
0x00007fff6b89a000 	/usr/lib/system/libdispatch.dylib
0x00007fff6b8dc000 	/usr/lib/system/libdyld.dylib
0x00007fff6b912000 	/usr/lib/system/libkeymgr.dylib
0x00007fff6b920000 	/usr/lib/system/liblaunch.dylib
0x00007fff6b921000 	/usr/lib/system/libmacho.dylib
0x00007fff6b927000 	/usr/lib/system/libquarantine.dylib
0x00007fff6b92a000 	/usr/lib/system/libremovefile.dylib
0x00007fff6b92c000 	/usr/lib/system/libsystem_asl.dylib
0x00007fff6b944000 	/usr/lib/system/libsystem_blocks.dylib
0x00007fff6b945000 	/usr/lib/system/libsystem_c.dylib
0x00007fff6b9cd000 	/usr/lib/system/libsystem_configuration.dylib
0x00007fff6b9d1000 	/usr/lib/system/libsystem_coreservices.dylib
0x00007fff6b9d5000 	/usr/lib/system/libsystem_darwin.dylib
0x00007fff6b9dd000 	/usr/lib/system/libsystem_dnssd.dylib
0x00007fff6b9e5000 	/usr/lib/system/libsystem_featureflags.dylib
0x00007fff6b9e7000 	/usr/lib/system/libsystem_info.dylib
0x00007fff6ba62000 	/usr/lib/system/libsystem_m.dylib
0x00007fff6baaa000 	/usr/lib/system/libsystem_malloc.dylib
0x00007fff6bad2000 	/usr/lib/system/libsystem_networkextension.dylib
0x00007fff6bae0000 	/usr/lib/system/libsystem_notify.dylib
0x00007fff6baff000 	/usr/lib/system/libsystem_sandbox.dylib
0x00007fff6bb04000 	/usr/lib/system/libsystem_secinit.dylib
0x00007fff6ba35000 	/usr/lib/system/libsystem_kernel.dylib
0x00007fff6baea000 	/usr/lib/system/libsystem_platform.dylib
0x00007fff6baf4000 	/usr/lib/system/libsystem_pthread.dylib
0x00007fff6bb07000 	/usr/lib/system/libsystem_symptoms.dylib
0x00007fff6bb0f000 	/usr/lib/system/libsystem_trace.dylib
0x00007fff6bb27000 	/usr/lib/system/libunwind.dylib
0x00007fff6bb2d000 	/usr/lib/system/libxpc.dylib
0x00007fff68a6a000 	/usr/lib/libc++abi.dylib
0x00007fff69865000 	/usr/lib/liblzma.5.dylib
0x00007fff694df000 	/usr/lib/libfakelink.dylib
0x00007fff6882d000 	/usr/lib/libarchive.2.dylib
0x00007fff41bde000 	/System/Library/Frameworks/SystemConfiguration.framework/Versions/A/SystemConfiguration
0x00007fff681a1000 	/usr/lib/libCRFSuite.dylib
0x00007fff32b9a000 	/System/Library/Frameworks/CFNetwork.framework/Versions/A/CFNetwork
0x00007fff689f8000 	/usr/lib/libbsm.0.dylib
0x00007fff6b913000 	/usr/lib/system/libkxld.dylib
0x00007fff476b6000 	/System/Library/PrivateFrameworks/AppleFSCompression.framework/Versions/A/AppleFSCompression
0x00007fff68d76000 	/usr/lib/libcoretls.dylib
0x00007fff68d8d000 	/usr/lib/libcoretls_cfhelpers.dylib
0x00007fff6a5bc000 	/usr/lib/libpam.2.dylib
0x00007fff6a6ec000 	/usr/lib/libsqlite3.dylib
0x00007fff6ab2e000 	/usr/lib/libxar.1.dylib
0x00007fff68a09000 	/usr/lib/libbz2.1.0.dylib
0x00007fff69500000 	/usr/lib/libiconv.2.dylib
0x00007fff68a7f000 	/usr/lib/libcharset.1.dylib
0x00007fff6a067000 	/usr/lib/libnetwork.dylib
0x00007fff6a5c3000 	/usr/lib/libpcap.A.dylib
0x00007fff687e2000 	/usr/lib/libapple_nghttp2.dylib
0x00007fff35b7d000 	/System/Library/Frameworks/CoreServices.framework/Versions/A/Frameworks/FSEvents.framework/Versions/A/FSEvents
0x00007fff3584d000 	/System/Library/Frameworks/CoreServices.framework/Versions/A/Frameworks/CarbonCore.framework/Versions/A/CarbonCore
0x00007fff35dc0000 	/System/Library/Frameworks/CoreServices.framework/Versions/A/Frameworks/Metadata.framework/Versions/A/Metadata
0x00007fff35e59000 	/System/Library/Frameworks/CoreServices.framework/Versions/A/Frameworks/OSServices.framework/Versions/A/OSServices
0x00007fff35e87000 	/System/Library/Frameworks/CoreServices.framework/Versions/A/Frameworks/SearchKit.framework/Versions/A/SearchKit
0x00007fff357c7000 	/System/Library/Frameworks/CoreServices.framework/Versions/A/Frameworks/AE.framework/Versions/A/AE
0x00007fff35b86000 	/System/Library/Frameworks/CoreServices.framework/Versions/A/Frameworks/LaunchServices.framework/Versions/A/LaunchServices
0x00007fff35b2f000 	/System/Library/Frameworks/CoreServices.framework/Versions/A/Frameworks/DictionaryServices.framework/Versions/A/DictionaryServices
0x00007fff35eef000 	/System/Library/Frameworks/CoreServices.framework/Versions/A/Frameworks/SharedFileList.framework/Versions/A/SharedFileList
0x00007fff3aae4000 	/System/Library/Frameworks/NetFS.framework/Versions/A/NetFS
0x00007fff5aecf000 	/System/Library/PrivateFrameworks/NetAuth.framework/Versions/A/NetAuth
0x00007fff67e30000 	/System/Library/PrivateFrameworks/login.framework/Versions/A/Frameworks/loginsupport.framework/Versions/A/loginsupport
0x00007fff63bc3000 	/System/Library/PrivateFrameworks/TCC.framework/Versions/A/TCC
0x00007fff4c24a000 	/System/Library/PrivateFrameworks/CoreNLP.framework/Versions/A/CoreNLP
0x00007fff5a45c000 	/System/Library/PrivateFrameworks/MetadataUtilities.framework/Versions/A/MetadataUtilities
0x00007fff6993d000 	/usr/lib/libmecabra.dylib
0x00007fff69895000 	/usr/lib/libmecab.dylib
0x00007fff694f0000 	/usr/lib/libgermantok.dylib
0x00007fff687c9000 	/usr/lib/libThaiTokenizer.dylib
0x00007fff681d9000 	/usr/lib/libChineseTokenizer.dylib
0x00007fff301c1000 	/System/Library/Frameworks/Accelerate.framework/Versions/A/Frameworks/vImage.framework/Versions/A/vImage
0x00007fff31463000 	/System/Library/Frameworks/Accelerate.framework/Versions/A/Frameworks/vecLib.framework/Versions/A/vecLib
0x00007fff313a7000 	/System/Library/Frameworks/Accelerate.framework/Versions/A/Frameworks/vecLib.framework/Versions/A/libvMisc.dylib
0x00007fff311cd000 	/System/Library/Frameworks/Accelerate.framework/Versions/A/Frameworks/vecLib.framework/Versions/A/libvDSP.dylib
0x00007fff3082d000 	/System/Library/Frameworks/Accelerate.framework/Versions/A/Frameworks/vecLib.framework/Versions/A/libBLAS.dylib
0x00007fff30d87000 	/System/Library/Frameworks/Accelerate.framework/Versions/A/Frameworks/vecLib.framework/Versions/A/libLAPACK.dylib
0x00007fff3112d000 	/System/Library/Frameworks/Accelerate.framework/Versions/A/Frameworks/vecLib.framework/Versions/A/libLinearAlgebra.dylib
0x00007fff311ba000 	/System/Library/Frameworks/Accelerate.framework/Versions/A/Frameworks/vecLib.framework/Versions/A/libSparseBLAS.dylib
0x00007fff31143000 	/System/Library/Frameworks/Accelerate.framework/Versions/A/Frameworks/vecLib.framework/Versions/A/libQuadrature.dylib
0x00007fff30a96000 	/System/Library/Frameworks/Accelerate.framework/Versions/A/Frameworks/vecLib.framework/Versions/A/libBNNS.dylib
0x00007fff31149000 	/System/Library/Frameworks/Accelerate.framework/Versions/A/Frameworks/vecLib.framework/Versions/A/libSparse.dylib
0x00007fff58fe9000 	/System/Library/PrivateFrameworks/LanguageModeling.framework/Versions/A/LanguageModeling
0x00007fff4bbe9000 	/System/Library/PrivateFrameworks/CoreEmoji.framework/Versions/A/CoreEmoji
0x00007fff59107000 	/System/Library/PrivateFrameworks/LinguisticData.framework/Versions/A/LinguisticData
0x00007fff590b8000 	/System/Library/PrivateFrameworks/Lexicon.framework/Versions/A/Lexicon
0x00007fff68a80000 	/usr/lib/libcmph.dylib
0x00007fff3d6b6000 	/System/Library/Frameworks/OpenDirectory.framework/Versions/A/Frameworks/CFOpenDirectory.framework/Versions/A/CFOpenDirectory
0x00007fff3d6d3000 	/System/Library/Frameworks/OpenDirectory.framework/Versions/A/OpenDirectory
0x00007fff459a4000 	/System/Library/PrivateFrameworks/APFS.framework/Versions/A/APFS
0x00007fff40d6b000 	/System/Library/Frameworks/SecurityFoundation.framework/Versions/A/SecurityFoundation
0x00007fff6ab2a000 	/usr/lib/libutil.dylib
0x00007fff4cecf000 	/System/Library/PrivateFrameworks/CoreServicesStore.framework/Versions/A/CoreServicesStore
0x00007fff40e4d000 	/System/Library/Frameworks/ServiceManagement.framework/Versions/A/ServiceManagement
0x00007fff48e68000 	/System/Library/PrivateFrameworks/BackgroundTaskManagement.framework/Versions/A/BackgroundTaskManagement
0x00007fff6ac27000 	/usr/lib/libxslt.1.dylib
0x00007fff47d19000 	/System/Library/PrivateFrameworks/AppleSystemInfo.framework/Versions/A/AppleSystemInfo
0x00007fff37521000 	/System/Library/Frameworks/ImageIO.framework/Versions/A/Resources/libJPEG.dylib
0x00007fff377e0000 	/System/Library/Frameworks/ImageIO.framework/Versions/A/Resources/libTIFF.dylib
0x00007fff377c3000 	/System/Library/Frameworks/ImageIO.framework/Versions/A/Resources/libPng.dylib
0x00007fff37462000 	/System/Library/Frameworks/ImageIO.framework/Versions/A/Resources/libGIF.dylib
0x00007fff37466000 	/System/Library/Frameworks/ImageIO.framework/Versions/A/Resources/libJP2.dylib
0x00007fff377de000 	/System/Library/Frameworks/ImageIO.framework/Versions/A/Resources/libRadiance.dylib
0x00007fff694b8000 	/usr/lib/libexpat.1.dylib
0x00007fff47811000 	/System/Library/PrivateFrameworks/AppleJPEG.framework/Versions/A/AppleJPEG
0x00007fff50130000 	/System/Library/PrivateFrameworks/FontServices.framework/libFontParser.dylib
0x00007fff66e8e000 	/System/Library/PrivateFrameworks/WatchdogClient.framework/Versions/A/WatchdogClient
0x00007fff58678000 	/System/Library/PrivateFrameworks/IOAccelerator.framework/Versions/A/IOAccelerator
0x00007fff39b9d000 	/System/Library/Frameworks/MetalPerformanceShaders.framework/Versions/A/MetalPerformanceShaders
0x00007fff54e7d000 	/System/Library/PrivateFrameworks/GPUWrangler.framework/Versions/A/GPUWrangler
0x00007fff58683000 	/System/Library/PrivateFrameworks/IOPresentment.framework/Versions/A/IOPresentment
0x00007fff4dbac000 	/System/Library/PrivateFrameworks/DSExternalDisplay.framework/Versions/A/DSExternalDisplay
0x00007fff3e03c000 	/System/Library/Frameworks/OpenGL.framework/Versions/A/Libraries/libCoreFSCache.dylib
0x00007fff398ef000 	/System/Library/Frameworks/MetalPerformanceShaders.framework/Frameworks/MPSCore.framework/Versions/A/MPSCore
0x00007fff3992c000 	/System/Library/Frameworks/MetalPerformanceShaders.framework/Frameworks/MPSImage.framework/Versions/A/MPSImage
0x00007fff399ee000 	/System/Library/Frameworks/MetalPerformanceShaders.framework/Frameworks/MPSNeuralNetwork.framework/Versions/A/MPSNeuralNetwork
0x00007fff399b3000 	/System/Library/Frameworks/MetalPerformanceShaders.framework/Frameworks/MPSMatrix.framework/Versions/A/MPSMatrix
0x00007fff39b4e000 	/System/Library/Frameworks/MetalPerformanceShaders.framework/Frameworks/MPSRayIntersector.framework/Versions/A/MPSRayIntersector
0x00007fff399d8000 	/System/Library/Frameworks/MetalPerformanceShaders.framework/Frameworks/MPSNDArray.framework/Versions/A/MPSNDArray
0x00007fff5a4a9000 	/System/Library/PrivateFrameworks/MetalTools.framework/Versions/A/MetalTools
0x00007fff46b44000 	/System/Library/PrivateFrameworks/AggregateDictionary.framework/Versions/A/AggregateDictionary
0x00007fff4b67c000 	/System/Library/PrivateFrameworks/CoreAnalytics.framework/Versions/A/CoreAnalytics
0x00007fff47c37000 	/System/Library/PrivateFrameworks/AppleSauce.framework/Versions/A/AppleSauce
0x00007fff68495000 	/usr/lib/libIOReport.dylib
0x00007fff363f0000 	/System/Library/Frameworks/CoreVideo.framework/Versions/A/CoreVideo
0x00007fff562e2000 	/System/Library/PrivateFrameworks/GraphVisualizer.framework/Versions/A/GraphVisualizer
0x00007fff4f6af000 	/System/Library/PrivateFrameworks/FaceCore.framework/Versions/A/FaceCore
0x00007fff3d65d000 	/System/Library/Frameworks/OpenCL.framework/Versions/A/OpenCL
0x00007fff682b7000 	/usr/lib/libFosl_dynamic.dylib
0x00007fff5b8c7000 	/System/Library/PrivateFrameworks/OTSVG.framework/Versions/A/OTSVG
0x00007fff32515000 	/System/Library/Frameworks/ApplicationServices.framework/Versions/A/Frameworks/ATS.framework/Versions/A/Resources/libFontRegistry.dylib
0x00007fff50301000 	/System/Library/PrivateFrameworks/FontServices.framework/libhvf.dylib
0x00007fff3e047000 	/System/Library/Frameworks/OpenGL.framework/Versions/A/Libraries/libGFXShared.dylib
0x00007fff3e224000 	/System/Library/Frameworks/OpenGL.framework/Versions/A/Libraries/libGLU.dylib
0x00007fff3e050000 	/System/Library/Frameworks/OpenGL.framework/Versions/A/Libraries/libGL.dylib
0x00007fff3e05b000 	/System/Library/Frameworks/OpenGL.framework/Versions/A/Libraries/libGLImage.dylib
0x00007fff3e039000 	/System/Library/Frameworks/OpenGL.framework/Versions/A/Libraries/libCVMSPluginSupport.dylib
0x00007fff3e042000 	/System/Library/Frameworks/OpenGL.framework/Versions/A/Libraries/libCoreVMClient.dylib
0x00007fff69f09000 	/usr/lib/libncurses.5.4.dylib
0x00007fff32411000 	/System/Library/Frameworks/ApplicationServices.framework/Versions/A/Frameworks/ATS.framework/Versions/A/ATS
0x00007fff325de000 	/System/Library/Frameworks/ApplicationServices.framework/Versions/A/Frameworks/ColorSyncLegacy.framework/Versions/A/ColorSyncLegacy
0x00007fff3267d000 	/System/Library/Frameworks/ApplicationServices.framework/Versions/A/Frameworks/HIServices.framework/Versions/A/HIServices
0x00007fff326d4000 	/System/Library/Frameworks/ApplicationServices.framework/Versions/A/Frameworks/LangAnalysis.framework/Versions/A/LangAnalysis
0x00007fff326e3000 	/System/Library/Frameworks/ApplicationServices.framework/Versions/A/Frameworks/PrintCore.framework/Versions/A/PrintCore
0x00007fff32729000 	/System/Library/Frameworks/ApplicationServices.framework/Versions/A/Frameworks/QD.framework/Versions/A/QD
0x00007fff32734000 	/System/Library/Frameworks/ApplicationServices.framework/Versions/A/Frameworks/SpeechSynthesis.framework/Versions/A/SpeechSynthesis
0x00007fff325ae000 	/System/Library/Frameworks/ApplicationServices.framework/Versions/A/Frameworks/ATSUI.framework/Versions/A/ATSUI
0x00007fff6934c000 	/usr/lib/libcups.2.dylib
0x00007fff38c4e000 	/System/Library/Frameworks/Kerberos.framework/Versions/A/Kerberos
0x00007fff36ed0000 	/System/Library/Frameworks/GSS.framework/Versions/A/GSS
0x00007fff6a678000 	/usr/lib/libresolv.9.dylib
0x00007fff56483000 	/System/Library/PrivateFrameworks/Heimdal.framework/Versions/A/Heimdal
0x00007fff38c61000 	/System/Library/Frameworks/Kerberos.framework/Versions/A/Libraries/libHeimdalProxy.dylib
0x00007fff694f6000 	/usr/lib/libheimdal-asn1.dylib
0x00007fff4ab20000 	/System/Library/PrivateFrameworks/CommonAuth.framework/Versions/A/CommonAuth
0x00007fff47db6000 	/System/Library/PrivateFrameworks/AssertionServices.framework/Versions/A/AssertionServices
0x00007fff48956000 	/System/Library/PrivateFrameworks/AudioToolboxCore.framework/Versions/A/AudioToolboxCore
0x00007fff67ae2000 	/System/Library/PrivateFrameworks/caulk.framework/Versions/A/caulk
0x00007fff48f14000 	/System/Library/PrivateFrameworks/BaseBoard.framework/Versions/A/BaseBoard
0x00007fff5f9a2000 	/System/Library/PrivateFrameworks/RunningBoardServices.framework/Versions/A/RunningBoardServices
0x00007fff5caae000 	/System/Library/PrivateFrameworks/PersistentConnection.framework/Versions/A/PersistentConnection
0x00007fff5f3f6000 	/System/Library/PrivateFrameworks/ProtocolBuffer.framework/Versions/A/ProtocolBuffer
0x00007fff4ab45000 	/System/Library/PrivateFrameworks/CommonUtilities.framework/Versions/A/CommonUtilities
0x00007fff49097000 	/System/Library/PrivateFrameworks/Bom.framework/Versions/A/Bom
0x00007fff68165000 	/usr/lib/libAudioToolboxUtility.dylib
0x00007fff48e72000 	/System/Library/PrivateFrameworks/Backup.framework/Versions/A/Backup
0x00007fff4d91a000 	/System/Library/PrivateFrameworks/CrashReporterSupport.framework/Versions/A/CrashReporterSupport
0x00007fff6143c000 	/System/Library/PrivateFrameworks/Sharing.framework/Versions/A/Sharing
0x00007fff4755c000 	/System/Library/PrivateFrameworks/Apple80211.framework/Versions/A/Apple80211
0x00007fff48b94000 	/System/Library/PrivateFrameworks/AuthKit.framework/Versions/A/AuthKit
0x00007fff4d64a000 	/System/Library/PrivateFrameworks/CoreUtils.framework/Versions/A/CoreUtils
0x00007fff36435000 	/System/Library/Frameworks/CoreWLAN.framework/Versions/A/CoreWLAN
0x00007fff3705a000 	/System/Library/Frameworks/IOBluetooth.framework/Versions/A/IOBluetooth
0x00007fff5a7a7000 	/System/Library/PrivateFrameworks/MobileKeyBag.framework/Versions/A/MobileKeyBag
0x00007fff4c723000 	/System/Library/PrivateFrameworks/CorePhoneNumbers.framework/Versions/A/CorePhoneNumbers
0x00007fff477c4000 	/System/Library/PrivateFrameworks/AppleIDAuthSupport.framework/Versions/A/AppleIDAuthSupport
0x00007fff3aaf1000 	/System/Library/Frameworks/Network.framework/Versions/A/Network
0x00007fff58e72000 	/System/Library/PrivateFrameworks/KeychainCircle.framework/Versions/A/KeychainCircle
0x00007fff33eb5000 	/System/Library/Frameworks/CoreBluetooth.framework/Versions/A/CoreBluetooth
0x00007fff630d4000 	/System/Library/PrivateFrameworks/SpeechRecognitionCore.framework/Versions/A/SpeechRecognitionCore
0x000000010ce00000 	/Library/Java/JavaVirtualMachines/jdk-9.jdk/Contents/Home/lib/server/libjvm.dylib
0x00007fff6a9fd000 	/usr/lib/libstdc++.6.dylib
0x000000010bc4b000 	/Library/Java/JavaVirtualMachines/jdk-9.jdk/Contents/Home/lib/libverify.dylib
0x000000010bc58000 	/Library/Java/JavaVirtualMachines/jdk-9.jdk/Contents/Home/lib/libjava.dylib
0x000000010bced000 	/Library/Java/JavaVirtualMachines/jdk-9.jdk/Contents/Home/lib/libzip.dylib
0x000000010bcf5000 	/Library/Java/JavaVirtualMachines/jdk-9.jdk/Contents/Home/lib/libjimage.dylib
0x0000000118c23000 	/Library/Java/JavaVirtualMachines/jdk-9.jdk/Contents/Home/lib/libnio.dylib
0x00000001369e9000 	/Library/Java/JavaVirtualMachines/jdk-9.jdk/Contents/Home/lib/libnet.dylib
0x0000000118c33000 	/Library/Java/JavaVirtualMachines/jdk-9.jdk/Contents/Home/lib/libmanagement.dylib
0x0000000136b23000 	/Library/Java/JavaVirtualMachines/jdk-9.jdk/Contents/Home/lib/libmanagement_ext.dylib
0x0000000136f71000 	/Library/Java/JavaVirtualMachines/jdk-9.jdk/Contents/Home/lib/server/hsdis-amd64.dylib

VM Arguments:
jvm_args: -ea -Dfile.encoding=UTF-8 
java_command: org.eclipse.jdt.internal.junit.runner.RemoteTestRunner -version 3 -port 50641 -testLoaderClass org.eclipse.jdt.internal.junit4.runner.JUnit4TestLoader -loaderpluginname org.eclipse.jdt.junit4.runtime -classNames org.reaktivity.nukleus.http_cache.internal.streams.proxy.Rfc7240ProxyIT
java_class_path (initial): /Users/jfallows/GitHub/reaktivity/nukleus-http-cache.java/target/test-classes:/Users/jfallows/GitHub/reaktivity/nukleus-http-cache.java/target/classes:/Users/jfallows/GitHub/reaktivity/nukleus-http-cache.spec/target/classes:/Users/jfallows/.m2/repository/org/reaktivity/nukleus-http.spec/0.88/nukleus-http.spec-0.88.jar:/Users/jfallows/.m2/repository/org/reaktivity/nukleus.spec/0.43/nukleus.spec-0.43.jar:/Users/jfallows/.m2/repository/org/reaktivity/reaktor/0.115/reaktor-0.115.jar:/Users/jfallows/.m2/repository/org/reaktivity/nukleus/0.41/nukleus-0.41.jar:/Users/jfallows/.m2/repository/org/agrona/agrona/1.1.0/agrona-1.1.0.jar:/Users/jfallows/.m2/repository/commons-cli/commons-cli/1.3.1/commons-cli-1.3.1.jar:/Users/jfallows/.m2/repository/org/reaktivity/reaktor/0.115/reaktor-0.115-tests.jar:/Users/jfallows/.m2/repository/junit/junit/4.12/junit-4.12.jar:/Users/jfallows/.m2/repository/org/hamcrest/hamcrest-core/1.3/hamcrest-core-1.3.jar:/Users/jfallows/.m2/repository/org/hamcrest/hamcrest-library/1.3/hamcrest-library-1.3.jar:/Users/jfallows/.m2/repository/org/kaazing/k3po.junit/3.0.0-alpha-104/k3po.junit-3.0.0-alpha-104.jar:/Users/jfallows/.m2/repository/org/kaazing/net.tcp/1.1.0.9/net.tcp-1.1.0.9.jar:/Users/jfallows/.m2/repository/org/kaazing/net.api/1.1.0.9/net.api-1.1.0.9.jar:/Users/jfallows/.m2/repository/org/kaazing/community.license/2.18/community.license-2.18.jar:/Users/jfallows/.m2/repository/org/kaazing/k3po.lang/3.0.0-alpha-104/k3po.lang-3.0.0-alpha-104.jar:/Users/jfallows/.m2/repository/org/antlr/antlr4-runtime/4.7/antlr4-runtime-4.7.jar:/Users/jfallows/.m2/repository/de/odysseus/juel/juel-api/2.2.7/juel-api-2.2.7.jar:/Users/jfallows/.m2/repository/de/odysseus/juel/juel-impl/2.2.7/juel-impl-2.2.7.jar:/Users/jfallows/.m2/repository/org/openjdk/jmh/jmh-core/1.12/jmh-core-1.12.jar:/Users/jfallows/.m2/repository/net/sf/jopt-simple/jopt-simple/4.6/jopt-simple-4.6.jar:/Users/jfallows/.m2/repository/org/apache/commons/commons-math3/3.2/co
Launcher Type: SUN_STANDARD

Logging:
Log output configuration:
#0: stdout all=warning uptime,level,tags
#1: stderr all=off uptime,level,tags

Environment Variables:
PATH=/usr/bin:/bin:/usr/sbin:/sbin
SHELL=/bin/bash
DISPLAY=/private/tmp/com.apple.launchd.rsjvBVgrL8/org.macosforge.xquartz:0

Signal Handlers:
SIGSEGV: [libjvm.dylib+0x73ea4c], sa_mask[0]=11111111011111110111111111111111, sa_flags=SA_ONSTACK|SA_RESTART|SA_SIGINFO
SIGBUS: [libjvm.dylib+0x73ea4c], sa_mask[0]=11111111011111110111111111111111, sa_flags=SA_RESTART|SA_SIGINFO
SIGFPE: [libjvm.dylib+0x73ea4c], sa_mask[0]=11111111011111110111111111111111, sa_flags=SA_RESTART|SA_SIGINFO
SIGPIPE: [libjvm.dylib+0x5f1d1c], sa_mask[0]=11111111011111110111111111111111, sa_flags=SA_RESTART|SA_SIGINFO
SIGXFSZ: [libjvm.dylib+0x5f1d1c], sa_mask[0]=11111111011111110111111111111111, sa_flags=SA_RESTART|SA_SIGINFO
SIGILL: [libjvm.dylib+0x73ea4c], sa_mask[0]=11111111011111110111111111111111, sa_flags=SA_RESTART|SA_SIGINFO
SIGUSR2: [libjvm.dylib+0x5f25ac], sa_mask[0]=00100000000000000000000000000000, sa_flags=SA_RESTART|SA_SIGINFO
SIGHUP: [libjvm.dylib+0x5f0de9], sa_mask[0]=11111111011111110111111111111111, sa_flags=SA_RESTART|SA_SIGINFO
SIGINT: [libjvm.dylib+0x5f0de9], sa_mask[0]=11111111011111110111111111111111, sa_flags=SA_RESTART|SA_SIGINFO
SIGTERM: [libjvm.dylib+0x5f0de9], sa_mask[0]=11111111011111110111111111111111, sa_flags=SA_RESTART|SA_SIGINFO
SIGQUIT: [libjvm.dylib+0x5f0de9], sa_mask[0]=11111111011111110111111111111111, sa_flags=SA_RESTART|SA_SIGINFO


---------------  S Y S T E M  ---------------

OS:uname:Darwin 19.0.0 Darwin Kernel Version 19.0.0: Thu Oct 17 16:17:15 PDT 2019; root:xnu-6153.41.3~29/RELEASE_X86_64 x86_64
rlimit: STACK 8192k, CORE 0k, NPROC 2784, NOFILE 10240, AS infinity
load average:3.13 2.60 2.35

CPU:total 8 (initial active 8) (4 cores per cpu, 2 threads per core) family 6 model 158 stepping 9, cmov, cx8, fxsr, mmx, sse, sse2, sse3, ssse3, sse4.1, sse4.2, popcnt, avx, avx2, aes, clmul, erms, rtm, 3dnowpref, lzcnt, ht, tsc, tscinvbit, bmi1, bmi2, adx, fma

Memory: 4k page, physical 16777216k(153396k free)

vm_info: Java HotSpot(TM) 64-Bit Server VM (9+181) for bsd-amd64 JRE (9+181), built on Aug  2 2017 21:10:28 by "javare" with gcc 4.2.1 Compatible Apple LLVM 6.1.0 (clang-602.0.49)

END.
